[2013-08-01 01:00:01] : ---------------------------------------------------------------------------------
[2013-08-01 01:00:01] : ---------------------  Data Moving Task Everyday --------------------------------
[2013-08-01 01:00:01] : --------- Filter Time      : 2013-07-31 00:01:00 ~ 2013-08-01 00:01:00-----------
[2013-08-01 01:00:01] : --------- Total  Data Count: 0
[2013-08-01 01:00:01] : --------- Actual Data Count: 0
[2013-08-01 01:00:01] : ---------------------------------------------------------------------------------
[2013-08-01 01:00:01] : ---------------------------------------------------------------------------------
[2013-08-01 01:00:01] : 
[2013-08-01 02:00:01] : ---------------------------------------------------------------------------------
[2013-08-01 02:00:01] : ---------------------  Data Notify Complete Info Everyday -----------------------
[2013-08-01 02:00:01] : --------- Filter Time      : 2013-07-31 00:01:00 ~ 2013-08-01 00:01:00-----------
[2013-08-01 02:00:01] : --------- Total  Data Count: 0
[2013-08-01 02:00:01] : ---------------------------------------------------------------------------------
[2013-08-01 02:00:01] : ---------------------------------------------------------------------------------
[2013-08-01 02:00:01] : 
[2013-08-01 03:00:01] : ---------------------------------------------------------------------------------
[2013-08-01 03:00:01] : ---------------------  Clear Unfull Data Every Two Days -----------------------
[2013-08-01 03:00:01] : --------- Filter Time      : 2013-07-30 00:01:00 ~ 2013-07-31 00:01:00-----------
[2013-08-01 03:00:01] : --------- Total  Data Count: 0
[2013-08-01 03:00:01] : ---------------------------------------------------------------------------------
[2013-08-01 03:00:01] : ---------------------------------------------------------------------------------
[2013-08-01 03:00:01] : 
[2013-08-01 04:00:01] : ---------------------------------------------------------------------------------
[2013-08-01 04:00:01] : ---------------------  Clear VPS Data Every Two Days ----------------------------
[2013-08-01 04:00:01] : --------- Filter Time      : 2013-08-01 00:01:00  -------------------------------
[2013-08-01 04:00:01] : --------- Standard Lifetime: 2013-07-30 00:01:00  -------------------------------
[2013-08-01 04:00:01] : --------- Total  Data Count: 0  -------------------------------------------------
[2013-08-01 04:00:01] : ---------------------------------------------------------------------------------
[2013-08-01 04:00:01] : ---------------------------------------------------------------------------------
[2013-08-01 04:00:01] : 
