[2013-09-12 01:00:01] : ---------------------------------------------------------------------------------
[2013-09-12 01:00:01] : ---------------------  Data Moving Task Everyday --------------------------------
[2013-09-12 01:00:01] : --------- Filter Time      : 2013-09-11 00:01:00 ~ 2013-09-12 00:01:00-----------
[2013-09-12 01:00:01] : --------- Total  Data Count: 2
[2013-09-12 01:00:01] : --------- Actual Data Count: 2
[2013-09-12 01:00:01] : ---------------------------------------------------------------------------------
[2013-09-12 01:00:01] : ---------------------------------------------------------------------------------
[2013-09-12 01:00:01] : Data Id        : 56
[2013-09-12 01:00:01] : Data ObjectName: 2013091123240525.pdf
[2013-09-12 01:00:01] : Data VPS Path  : /alidata/www/creamnote/upload/study-notes/2013091123240525.pdf
[2013-09-12 01:00:01] : Data OSS Path  : /wx-study-notes/2013091123240525.pdf
[2013-09-12 01:00:02] : Info: Upload data to OSS success
[2013-09-12 01:00:02] : Info: Upload local flash file success
[2013-09-12 01:00:02] : Info: Update database OSS-Path success
[2013-09-12 01:00:02] : ---------------------------------------------------------------------------------
[2013-09-12 01:00:02] : Data Id        : 58
[2013-09-12 01:00:02] : Data ObjectName: 2013091123463010.pdf
[2013-09-12 01:00:02] : Data VPS Path  : /alidata/www/creamnote/upload/graduate-exam/2013091123463010.pdf
[2013-09-12 01:00:02] : Data OSS Path  : /wx-graduate-exam/2013091123463010.pdf
[2013-09-12 01:00:02] : Info: Upload data to OSS success
[2013-09-12 01:00:02] : Info: Upload local flash file success
[2013-09-12 01:00:02] : Info: Update database OSS-Path success
[2013-09-12 01:00:02] : ---------------------------------------------------------------------------------
[2013-09-12 01:00:02] : 
[2013-09-12 02:00:01] : ---------------------------------------------------------------------------------
[2013-09-12 02:00:01] : ---------------------  Data Notify Complete Info Everyday -----------------------
[2013-09-12 02:00:01] : --------- Filter Time      : 2013-09-11 00:01:00 ~ 2013-09-12 00:01:00-----------
[2013-09-12 02:00:01] : --------- Total  Data Count: 1
[2013-09-12 02:00:01] : ---------------------------------------------------------------------------------
[2013-09-12 02:00:01] : ---------------------------------------------------------------------------------
[2013-09-12 02:00:01] : Data Id       : 57
[2013-09-12 02:00:01] : Data Obj Name : 2013091123420439.pdf
[2013-09-12 02:00:01] : Info: Send Notify Success
[2013-09-12 02:00:01] : ---------------------------------------------------------------------------------
[2013-09-12 02:00:01] : 
