[2013-08-30 01:00:01] : ---------------------------------------------------------------------------------
[2013-08-30 01:00:01] : ---------------------  Data Moving Task Everyday --------------------------------
[2013-08-30 01:00:01] : --------- Filter Time      : 2013-08-29 00:01:00 ~ 2013-08-30 00:01:00-----------
[2013-08-30 01:00:01] : --------- Total  Data Count: 1
[2013-08-30 01:00:01] : --------- Actual Data Count: 1
[2013-08-30 01:00:01] : ---------------------------------------------------------------------------------
[2013-08-30 01:00:01] : ---------------------------------------------------------------------------------
[2013-08-30 01:00:01] : Data Id        : 53
[2013-08-30 01:00:01] : Data ObjectName: 2013082923145536.docx
[2013-08-30 01:00:01] : Data VPS Path  : /alidata/www/creamnote/upload/graduate-exam/2013082923145536.docx
[2013-08-30 01:00:01] : Data OSS Path  : /wx-graduate-exam/2013082923145536.docx
[2013-08-30 01:00:01] : Error: has no vps data file, /alidata/www/creamnote/upload/graduate-exam/2013082923145536.docx
[2013-08-30 01:00:01] : ---------------------------------------------------------------------------------
[2013-08-30 01:00:01] : 
[2013-08-30 02:00:01] : ---------------------------------------------------------------------------------
[2013-08-30 02:00:01] : ---------------------  Data Notify Complete Info Everyday -----------------------
[2013-08-30 02:00:01] : --------- Filter Time      : 2013-08-29 00:01:00 ~ 2013-08-30 00:01:00-----------
[2013-08-30 02:00:01] : --------- Total  Data Count: 0
[2013-08-30 02:00:01] : ---------------------------------------------------------------------------------
[2013-08-30 02:00:01] : ---------------------------------------------------------------------------------
[2013-08-30 02:00:01] : 
