[2013-09-16 01:00:01] : ---------------------------------------------------------------------------------
[2013-09-16 01:00:01] : ---------------------  Data Moving Task Everyday --------------------------------
[2013-09-16 01:00:01] : --------- Filter Time      : 2013-09-15 00:01:00 ~ 2013-09-16 00:01:00-----------
[2013-09-16 01:00:01] : --------- Total  Data Count: 2
[2013-09-16 01:00:01] : --------- Actual Data Count: 2
[2013-09-16 01:00:01] : ---------------------------------------------------------------------------------
[2013-09-16 01:00:01] : ---------------------------------------------------------------------------------
[2013-09-16 01:00:01] : Data Id        : 67
[2013-09-16 01:00:01] : Data ObjectName: 2013091521584447.pdf
[2013-09-16 01:00:01] : Data VPS Path  : /alidata/www/creamnote/upload/graduate-exam/2013091521584447.pdf
[2013-09-16 01:00:01] : Data OSS Path  : /wx-graduate-exam/2013091521584447.pdf
[2013-09-16 01:00:01] : Info: Upload data to OSS success
[2013-09-16 01:00:01] : Info: Upload local flash file success
[2013-09-16 01:00:01] : Info: Update database OSS-Path success
[2013-09-16 01:00:01] : ---------------------------------------------------------------------------------
[2013-09-16 01:00:01] : Data Id        : 68
[2013-09-16 01:00:01] : Data ObjectName: 2013091522060410.pdf
[2013-09-16 01:00:01] : Data VPS Path  : /alidata/www/creamnote/upload/graduate-exam/2013091522060410.pdf
[2013-09-16 01:00:01] : Data OSS Path  : /wx-graduate-exam/2013091522060410.pdf
[2013-09-16 01:00:02] : Info: Upload data to OSS success
[2013-09-16 01:00:02] : Info: Upload local flash file success
[2013-09-16 01:00:02] : Info: Update database OSS-Path success
[2013-09-16 01:00:02] : ---------------------------------------------------------------------------------
[2013-09-16 01:00:02] : 
[2013-09-16 02:00:01] : ---------------------------------------------------------------------------------
[2013-09-16 02:00:01] : ---------------------  Data Notify Complete Info Everyday -----------------------
[2013-09-16 02:00:01] : --------- Filter Time      : 2013-09-15 00:01:00 ~ 2013-09-16 00:01:00-----------
[2013-09-16 02:00:01] : --------- Total  Data Count: 0
[2013-09-16 02:00:01] : ---------------------------------------------------------------------------------
[2013-09-16 02:00:01] : ---------------------------------------------------------------------------------
[2013-09-16 02:00:01] : 
[2013-09-16 05:00:01] : ---------------------------------------------------------------------------------
[2013-09-16 05:00:01] : ---------------------  Clear Timeout Images Everyday ----------------------------
[2013-09-16 05:00:01] : --------- Filter Time      : 2013-09-16 00:01:00  -------------------------------
[2013-09-16 05:00:01] : --------- Total  Data Count: 1
[2013-09-16 05:00:01] : ---------------------------------------------------------------------------------
[2013-09-16 05:00:01] : ---------------------------------------------------------------------------------
[2013-09-16 05:00:01] : User Id    : 2
[2013-09-16 05:00:01] : Clear Path : /alidata/www/creamnote/upload/image/2
[2013-09-16 05:00:02] : Info: Clear User Image Path Success
[2013-09-16 05:00:02] : Info: Delete Database Record Success
[2013-09-16 05:00:02] : ---------------------------------------------------------------------------------
[2013-09-16 05:00:02] : 
