[2013-09-01 01:00:01] : ---------------------------------------------------------------------------------
[2013-09-01 01:00:01] : ---------------------  Data Moving Task Everyday --------------------------------
[2013-09-01 01:00:01] : --------- Filter Time      : 2013-08-31 00:01:00 ~ 2013-09-01 00:01:00-----------
[2013-09-01 01:00:01] : --------- Total  Data Count: 0
[2013-09-01 01:00:01] : --------- Actual Data Count: 0
[2013-09-01 01:00:01] : ---------------------------------------------------------------------------------
[2013-09-01 01:00:01] : ---------------------------------------------------------------------------------
[2013-09-01 01:00:01] : 
[2013-09-01 02:00:01] : ---------------------------------------------------------------------------------
[2013-09-01 02:00:01] : ---------------------  Data Notify Complete Info Everyday -----------------------
[2013-09-01 02:00:01] : --------- Filter Time      : 2013-08-31 00:01:00 ~ 2013-09-01 00:01:00-----------
[2013-09-01 02:00:01] : --------- Total  Data Count: 0
[2013-09-01 02:00:01] : ---------------------------------------------------------------------------------
[2013-09-01 02:00:01] : ---------------------------------------------------------------------------------
[2013-09-01 02:00:01] : 
[2013-09-01 03:00:01] : ---------------------------------------------------------------------------------
[2013-09-01 03:00:01] : ---------------------  Clear Unfull Data Every Two Days -----------------------
[2013-09-01 03:00:01] : --------- Filter Time      : 2013-08-30 00:01:00 ~ 2013-08-31 00:01:00-----------
[2013-09-01 03:00:01] : --------- Total  Data Count: 0
[2013-09-01 03:00:01] : ---------------------------------------------------------------------------------
[2013-09-01 03:00:01] : ---------------------------------------------------------------------------------
[2013-09-01 03:00:01] : 
[2013-09-01 04:00:01] : ---------------------------------------------------------------------------------
[2013-09-01 04:00:01] : ---------------------  Clear VPS Data Every Two Days ----------------------------
[2013-09-01 04:00:01] : --------- Filter Time      : 2013-09-01 00:01:00  -------------------------------
[2013-09-01 04:00:01] : --------- Standard Lifetime: 2013-08-30 00:01:00  -------------------------------
[2013-09-01 04:00:01] : --------- Total  Data Count: 1  -------------------------------------------------
[2013-09-01 04:00:01] : ---------------------------------------------------------------------------------
[2013-09-01 04:00:01] : ---------------------------------------------------------------------------------
[2013-09-01 04:00:01] : Data Id       : 42
[2013-09-01 04:00:01] : Data Obj Name : 2013071422185237.pdf
[2013-09-01 04:00:01] : Data Vps Path : /alidata/www/creamnote/upload/graduate-exam/
[2013-09-01 04:00:01] : Warining: This Data Is Health, Donnot Need Clear
[2013-09-01 04:00:01] : ---------------------------------------------------------------------------------
[2013-09-01 04:00:01] : 
