[2013-08-21 01:00:01] : ---------------------------------------------------------------------------------
[2013-08-21 01:00:01] : ---------------------  Data Moving Task Everyday --------------------------------
[2013-08-21 01:00:01] : --------- Filter Time      : 2013-08-20 00:01:00 ~ 2013-08-21 00:01:00-----------
[2013-08-21 01:00:01] : --------- Total  Data Count: 0
[2013-08-21 01:00:01] : --------- Actual Data Count: 0
[2013-08-21 01:00:01] : ---------------------------------------------------------------------------------
[2013-08-21 01:00:01] : ---------------------------------------------------------------------------------
[2013-08-21 01:00:01] : 
[2013-08-21 02:00:02] : ---------------------------------------------------------------------------------
[2013-08-21 02:00:02] : ---------------------  Data Notify Complete Info Everyday -----------------------
[2013-08-21 02:00:02] : --------- Filter Time      : 2013-08-20 00:01:00 ~ 2013-08-21 00:01:00-----------
[2013-08-21 02:00:02] : --------- Total  Data Count: 0
[2013-08-21 02:00:02] : ---------------------------------------------------------------------------------
[2013-08-21 02:00:02] : ---------------------------------------------------------------------------------
[2013-08-21 02:00:02] : 
[2013-08-21 03:00:01] : ---------------------------------------------------------------------------------
[2013-08-21 03:00:01] : ---------------------  Clear Unfull Data Every Two Days -----------------------
[2013-08-21 03:00:01] : --------- Filter Time      : 2013-08-19 00:01:00 ~ 2013-08-20 00:01:00-----------
[2013-08-21 03:00:01] : --------- Total  Data Count: 0
[2013-08-21 03:00:01] : ---------------------------------------------------------------------------------
[2013-08-21 03:00:01] : ---------------------------------------------------------------------------------
[2013-08-21 03:00:01] : 
[2013-08-21 04:00:01] : ---------------------------------------------------------------------------------
[2013-08-21 04:00:01] : ---------------------  Clear VPS Data Every Two Days ----------------------------
[2013-08-21 04:00:01] : --------- Filter Time      : 2013-08-21 00:01:00  -------------------------------
[2013-08-21 04:00:01] : --------- Standard Lifetime: 2013-08-19 00:01:00  -------------------------------
[2013-08-21 04:00:01] : --------- Total  Data Count: 0  -------------------------------------------------
[2013-08-21 04:00:01] : ---------------------------------------------------------------------------------
[2013-08-21 04:00:01] : ---------------------------------------------------------------------------------
[2013-08-21 04:00:01] : 
