[2013-09-14 01:00:01] : ---------------------------------------------------------------------------------
[2013-09-14 01:00:01] : ---------------------  Data Moving Task Everyday --------------------------------
[2013-09-14 01:00:01] : --------- Filter Time      : 2013-09-13 00:01:00 ~ 2013-09-14 00:01:00-----------
[2013-09-14 01:00:01] : --------- Total  Data Count: 1
[2013-09-14 01:00:01] : --------- Actual Data Count: 1
[2013-09-14 01:00:01] : ---------------------------------------------------------------------------------
[2013-09-14 01:00:01] : ---------------------------------------------------------------------------------
[2013-09-14 01:00:01] : Data Id        : 60
[2013-09-14 01:00:01] : Data ObjectName: 2013091311170338.pdf
[2013-09-14 01:00:01] : Data VPS Path  : /alidata/www/creamnote/upload/study-notes/2013091311170338.pdf
[2013-09-14 01:00:01] : Data OSS Path  : /wx-study-notes/2013091311170338.pdf
[2013-09-14 01:00:01] : Info: Upload data to OSS success
[2013-09-14 01:00:01] : Info: Upload local flash file success
[2013-09-14 01:00:01] : Info: Update database OSS-Path success
[2013-09-14 01:00:01] : ---------------------------------------------------------------------------------
[2013-09-14 01:00:01] : 
[2013-09-14 02:00:01] : ---------------------------------------------------------------------------------
[2013-09-14 02:00:01] : ---------------------  Data Notify Complete Info Everyday -----------------------
[2013-09-14 02:00:01] : --------- Filter Time      : 2013-09-13 00:01:00 ~ 2013-09-14 00:01:00-----------
[2013-09-14 02:00:01] : --------- Total  Data Count: 6
[2013-09-14 02:00:01] : ---------------------------------------------------------------------------------
[2013-09-14 02:00:01] : ---------------------------------------------------------------------------------
[2013-09-14 02:00:01] : Data Id       : 61
[2013-09-14 02:00:01] : Data Obj Name : 2013091311342487.pdf
[2013-09-14 02:00:01] : Info: Send Notify Success
[2013-09-14 02:00:01] : ---------------------------------------------------------------------------------
[2013-09-14 02:00:01] : Data Id       : 62
[2013-09-14 02:00:01] : Data Obj Name : 2013091311400052.pdf
[2013-09-14 02:00:01] : Info: Send Notify Success
[2013-09-14 02:00:01] : ---------------------------------------------------------------------------------
[2013-09-14 02:00:01] : Data Id       : 63
[2013-09-14 02:00:01] : Data Obj Name : 2013091311425458.pdf
[2013-09-14 02:00:01] : Info: Send Notify Success
[2013-09-14 02:00:01] : ---------------------------------------------------------------------------------
[2013-09-14 02:00:01] : Data Id       : 64
[2013-09-14 02:00:01] : Data Obj Name : 2013091311534694.pdf
[2013-09-14 02:00:01] : Info: Send Notify Success
[2013-09-14 02:00:01] : ---------------------------------------------------------------------------------
[2013-09-14 02:00:01] : Data Id       : 65
[2013-09-14 02:00:01] : Data Obj Name : 2013091311582839.pdf
[2013-09-14 02:00:01] : Info: Send Notify Success
[2013-09-14 02:00:01] : ---------------------------------------------------------------------------------
[2013-09-14 02:00:01] : Data Id       : 66
[2013-09-14 02:00:01] : Data Obj Name : 2013091312095441.pdf
[2013-09-14 02:00:01] : Info: Send Notify Success
[2013-09-14 02:00:01] : ---------------------------------------------------------------------------------
[2013-09-14 02:00:01] : 
[2013-09-14 22:38:02] : ---------------------------------------------------------------------------------
[2013-09-14 22:38:02] : ---------------------  Clear Timeout Images Everyday ----------------------------
[2013-09-14 22:38:02] : --------- Filter Time      : 2013-09-14 00:01:00  -------------------------------
[2013-09-14 22:38:02] : --------- Total  Data Count: 2
[2013-09-14 22:38:02] : ---------------------------------------------------------------------------------
[2013-09-14 22:38:02] : ---------------------------------------------------------------------------------
[2013-09-14 22:38:02] : User Id    : 2
[2013-09-14 22:38:02] : Clear Path : /alidata/www/creamnote/upload/image/2
[2013-09-14 22:38:06] : Info: Clear User Image Path Success
[2013-09-14 22:38:06] : Info: Delete Database Record Success
[2013-09-14 22:38:06] : ---------------------------------------------------------------------------------
[2013-09-14 22:38:06] : User Id    : 1
[2013-09-14 22:38:06] : Clear Path : /alidata/www/creamnote/upload/image/1
[2013-09-14 22:38:19] : Info: Clear User Image Path Success
[2013-09-14 22:38:19] : Info: Delete Database Record Success
[2013-09-14 22:38:19] : ---------------------------------------------------------------------------------
[2013-09-14 22:38:19] : 
