[2013-08-05 01:00:01] : ---------------------------------------------------------------------------------
[2013-08-05 01:00:01] : ---------------------  Data Moving Task Everyday --------------------------------
[2013-08-05 01:00:01] : --------- Filter Time      : 2013-08-04 00:01:00 ~ 2013-08-05 00:01:00-----------
[2013-08-05 01:00:01] : --------- Total  Data Count: 0
[2013-08-05 01:00:01] : --------- Actual Data Count: 0
[2013-08-05 01:00:01] : ---------------------------------------------------------------------------------
[2013-08-05 01:00:01] : ---------------------------------------------------------------------------------
[2013-08-05 01:00:01] : 
[2013-08-05 02:00:01] : ---------------------------------------------------------------------------------
[2013-08-05 02:00:01] : ---------------------  Data Notify Complete Info Everyday -----------------------
[2013-08-05 02:00:01] : --------- Filter Time      : 2013-08-04 00:01:00 ~ 2013-08-05 00:01:00-----------
[2013-08-05 02:00:01] : --------- Total  Data Count: 0
[2013-08-05 02:00:01] : ---------------------------------------------------------------------------------
[2013-08-05 02:00:01] : ---------------------------------------------------------------------------------
[2013-08-05 02:00:01] : 
[2013-08-05 03:00:01] : ---------------------------------------------------------------------------------
[2013-08-05 03:00:01] : ---------------------  Clear Unfull Data Every Two Days -----------------------
[2013-08-05 03:00:01] : --------- Filter Time      : 2013-08-03 00:01:00 ~ 2013-08-04 00:01:00-----------
[2013-08-05 03:00:01] : --------- Total  Data Count: 0
[2013-08-05 03:00:01] : ---------------------------------------------------------------------------------
[2013-08-05 03:00:01] : ---------------------------------------------------------------------------------
[2013-08-05 03:00:01] : 
[2013-08-05 04:00:02] : ---------------------------------------------------------------------------------
[2013-08-05 04:00:02] : ---------------------  Clear VPS Data Every Two Days ----------------------------
[2013-08-05 04:00:02] : --------- Filter Time      : 2013-08-05 00:01:00  -------------------------------
[2013-08-05 04:00:02] : --------- Standard Lifetime: 2013-08-03 00:01:00  -------------------------------
[2013-08-05 04:00:02] : --------- Total  Data Count: 0  -------------------------------------------------
[2013-08-05 04:00:02] : ---------------------------------------------------------------------------------
[2013-08-05 04:00:02] : ---------------------------------------------------------------------------------
[2013-08-05 04:00:02] : 
