[2013-09-19 01:00:01] : ---------------------------------------------------------------------------------
[2013-09-19 01:00:01] : ---------------------  Data Moving Task Everyday --------------------------------
[2013-09-19 01:00:01] : --------- Filter Time      : 2013-09-18 00:01:00 ~ 2013-09-19 00:01:00-----------
[2013-09-19 01:00:01] : --------- Total  Data Count: 11
[2013-09-19 01:00:01] : --------- Actual Data Count: 11
[2013-09-19 01:00:01] : ---------------------------------------------------------------------------------
[2013-09-19 01:00:01] : ---------------------------------------------------------------------------------
[2013-09-19 01:00:01] : Data Id        : 76
[2013-09-19 01:00:01] : Data ObjectName: 2013091800032896.docx
[2013-09-19 01:00:01] : Data VPS Path  : /alidata/www/creamnote/upload/study-notes/2013091800032896.docx
[2013-09-19 01:00:01] : Data OSS Path  : /wx-study-notes/2013091800032896.docx
[2013-09-19 01:00:01] : Error: has no vps data file, /alidata/www/creamnote/upload/study-notes/2013091800032896.docx
[2013-09-19 01:00:01] : ---------------------------------------------------------------------------------
[2013-09-19 01:00:01] : Data Id        : 78
[2013-09-19 01:00:01] : Data ObjectName: 2013091800091255.docx
[2013-09-19 01:00:01] : Data VPS Path  : /alidata/www/creamnote/upload/study-notes/2013091800091255.docx
[2013-09-19 01:00:01] : Data OSS Path  : /wx-study-notes/2013091800091255.docx
[2013-09-19 01:00:01] : Error: has no vps data file, /alidata/www/creamnote/upload/study-notes/2013091800091255.docx
[2013-09-19 01:00:01] : ---------------------------------------------------------------------------------
[2013-09-19 01:00:01] : Data Id        : 79
[2013-09-19 01:00:01] : Data ObjectName: 2013091800145123.docx
[2013-09-19 01:00:01] : Data VPS Path  : /alidata/www/creamnote/upload/study-notes/2013091800145123.docx
[2013-09-19 01:00:01] : Data OSS Path  : /wx-study-notes/2013091800145123.docx
[2013-09-19 01:00:01] : Info: Upload data to OSS success
[2013-09-19 01:00:01] : Info: Upload local flash file success
[2013-09-19 01:00:01] : Info: Update database OSS-Path success
[2013-09-19 01:00:01] : ---------------------------------------------------------------------------------
[2013-09-19 01:00:01] : Data Id        : 80
[2013-09-19 01:00:01] : Data ObjectName: 2013091800163023.doc
[2013-09-19 01:00:01] : Data VPS Path  : /alidata/www/creamnote/upload/study-notes/2013091800163023.doc
[2013-09-19 01:00:01] : Data OSS Path  : /wx-study-notes/2013091800163023.doc
[2013-09-19 01:00:01] : Info: Upload data to OSS success
[2013-09-19 01:00:02] : Info: Upload local flash file success
[2013-09-19 01:00:02] : Info: Update database OSS-Path success
[2013-09-19 01:00:02] : ---------------------------------------------------------------------------------
[2013-09-19 01:00:02] : Data Id        : 81
[2013-09-19 01:00:02] : Data ObjectName: 2013091800182583.docx
[2013-09-19 01:00:02] : Data VPS Path  : /alidata/www/creamnote/upload/study-notes/2013091800182583.docx
[2013-09-19 01:00:02] : Data OSS Path  : /wx-study-notes/2013091800182583.docx
[2013-09-19 01:00:02] : Info: Upload data to OSS success
[2013-09-19 01:00:02] : Info: Upload local flash file success
[2013-09-19 01:00:02] : Info: Update database OSS-Path success
[2013-09-19 01:00:02] : ---------------------------------------------------------------------------------
[2013-09-19 01:00:02] : Data Id        : 82
[2013-09-19 01:00:02] : Data ObjectName: 2013091800183553.doc
[2013-09-19 01:00:02] : Data VPS Path  : /alidata/www/creamnote/upload/study-notes/2013091800183553.doc
[2013-09-19 01:00:02] : Data OSS Path  : /wx-study-notes/2013091800183553.doc
[2013-09-19 01:00:02] : Info: Upload data to OSS success
[2013-09-19 01:00:02] : Info: Upload local flash file success
[2013-09-19 01:00:02] : Info: Update database OSS-Path success
[2013-09-19 01:00:02] : ---------------------------------------------------------------------------------
[2013-09-19 01:00:02] : Data Id        : 84
[2013-09-19 01:00:02] : Data ObjectName: 2013091800284268.doc
[2013-09-19 01:00:02] : Data VPS Path  : /alidata/www/creamnote/upload/study-notes/2013091800284268.doc
[2013-09-19 01:00:02] : Data OSS Path  : /wx-study-notes/2013091800284268.doc
[2013-09-19 01:00:02] : Info: Upload data to OSS success
[2013-09-19 01:00:02] : Info: Upload local flash file success
[2013-09-19 01:00:02] : Info: Update database OSS-Path success
[2013-09-19 01:00:02] : ---------------------------------------------------------------------------------
[2013-09-19 01:00:02] : Data Id        : 83
[2013-09-19 01:00:02] : Data ObjectName: 2013091800203026.doc
[2013-09-19 01:00:02] : Data VPS Path  : /alidata/www/creamnote/upload/graduate-exam/2013091800203026.doc
[2013-09-19 01:00:02] : Data OSS Path  : /wx-graduate-exam/2013091800203026.doc
[2013-09-19 01:00:02] : Info: Upload data to OSS success
[2013-09-19 01:00:02] : Info: Upload local flash file success
[2013-09-19 01:00:02] : Info: Update database OSS-Path success
[2013-09-19 01:00:02] : ---------------------------------------------------------------------------------
[2013-09-19 01:00:02] : Data Id        : 85
[2013-09-19 01:00:02] : Data ObjectName: 2013091800295680.doc
[2013-09-19 01:00:02] : Data VPS Path  : /alidata/www/creamnote/upload/graduate-exam/2013091800295680.doc
[2013-09-19 01:00:02] : Data OSS Path  : /wx-graduate-exam/2013091800295680.doc
[2013-09-19 01:00:02] : Info: Upload data to OSS success
[2013-09-19 02:00:02] : ---------------------------------------------------------------------------------
[2013-09-19 02:00:02] : ---------------------  Data Notify Complete Info Everyday -----------------------
[2013-09-19 02:00:02] : --------- Filter Time      : 2013-09-18 00:01:00 ~ 2013-09-19 00:01:00-----------
[2013-09-19 02:00:02] : --------- Total  Data Count: 0
[2013-09-19 02:00:02] : ---------------------------------------------------------------------------------
[2013-09-19 02:00:02] : ---------------------------------------------------------------------------------
[2013-09-19 02:00:02] : 
[2013-09-19 03:00:01] : ---------------------------------------------------------------------------------
[2013-09-19 03:00:01] : ---------------------  Clear Unfull Data Every Two Days -----------------------
[2013-09-19 03:00:01] : --------- Filter Time      : 2013-09-17 00:01:00 ~ 2013-09-18 00:01:00-----------
[2013-09-19 03:00:01] : --------- Total  Data Count: 0
[2013-09-19 03:00:01] : ---------------------------------------------------------------------------------
[2013-09-19 03:00:01] : ---------------------------------------------------------------------------------
[2013-09-19 03:00:01] : 
[2013-09-19 04:00:01] : ---------------------------------------------------------------------------------
[2013-09-19 04:00:01] : ---------------------  Clear VPS Data Every Two Days ----------------------------
[2013-09-19 04:00:01] : --------- Filter Time      : 2013-09-19 00:01:00  -------------------------------
[2013-09-19 04:00:01] : --------- Standard Lifetime: 2013-09-17 00:01:00  -------------------------------
[2013-09-19 04:00:01] : --------- Total  Data Count: 13  -------------------------------------------------
[2013-09-19 04:00:01] : ---------------------------------------------------------------------------------
[2013-09-19 04:00:01] : ---------------------------------------------------------------------------------
[2013-09-19 04:00:01] : Data Id       : 74
[2013-09-19 04:00:01] : Data Obj Name : 2013091700014075.pdf
[2013-09-19 04:00:01] : Data Vps Path : /alidata/www/creamnote/upload/final-exam/
[2013-09-19 04:00:01] : Info: This Data Is Out Of Lifetime, Clear It
[2013-09-19 04:00:01] : Info: Delete VPS Data File Success
[2013-09-19 04:00:01] : Info: Delete VPS Flash File Success
[2013-09-19 04:00:01] : Info: Update Database(wx_data) Record Success
[2013-09-19 04:00:01] : Info: Update Database(wx_data_activity) Record Success
[2013-09-19 04:00:01] : ---------------------------------------------------------------------------------
[2013-09-19 04:00:01] : Data Id       : 75
[2013-09-19 04:00:01] : Data Obj Name : 2013091723583070.docx
[2013-09-19 04:00:01] : Data Vps Path : /alidata/www/creamnote/upload/graduate-exam/
[2013-09-19 04:00:01] : Info: This Data Is Out Of Lifetime, Clear It
[2013-09-19 04:00:01] : Error: Delete VPS Data File Failed
[2013-09-19 04:00:02] : Info: Delete VPS Flash File Success
[2013-09-19 04:00:02] : Info: Update Database(wx_data) Record Success
[2013-09-19 04:00:02] : Info: Update Database(wx_data_activity) Record Success
[2013-09-19 04:00:02] : ---------------------------------------------------------------------------------
[2013-09-19 04:00:02] : Data Id       : 76
[2013-09-19 04:00:02] : Data Obj Name : 2013091800032896.docx
[2013-09-19 04:00:02] : Data Vps Path : /alidata/www/creamnote/upload/study-notes/
[2013-09-19 04:00:02] : Info: This Data Is Out Of Lifetime, Clear It
[2013-09-19 04:00:02] : Error: Delete VPS Data File Failed
[2013-09-19 04:00:02] : Info: Delete VPS Flash File Success
[2013-09-19 04:00:02] : Info: Update Database(wx_data) Record Success
[2013-09-19 04:00:02] : Info: Update Database(wx_data_activity) Record Success
[2013-09-19 04:00:02] : ---------------------------------------------------------------------------------
[2013-09-19 04:00:02] : Data Id       : 77
[2013-09-19 04:00:02] : Data Obj Name : 2013091800044987.docx
[2013-09-19 04:00:02] : Data Vps Path : /alidata/www/creamnote/upload/final-exam/
[2013-09-19 04:00:02] : Info: This Data Is Out Of Lifetime, Clear It
[2013-09-19 04:00:02] : Error: Delete VPS Data File Failed
[2013-09-19 04:00:02] : Info: Delete VPS Flash File Success
[2013-09-19 04:00:02] : Info: Update Database(wx_data) Record Success
[2013-09-19 04:00:02] : Info: Update Database(wx_data_activity) Record Success
[2013-09-19 04:00:02] : ---------------------------------------------------------------------------------
[2013-09-19 04:00:02] : Data Id       : 78
[2013-09-19 04:00:02] : Data Obj Name : 2013091800091255.docx
[2013-09-19 04:00:02] : Data Vps Path : /alidata/www/creamnote/upload/study-notes/
[2013-09-19 04:00:02] : Info: This Data Is Out Of Lifetime, Clear It
[2013-09-19 04:00:02] : Error: Delete VPS Data File Failed
[2013-09-19 04:00:02] : Info: Delete VPS Flash File Success
[2013-09-19 04:00:02] : Info: Update Database(wx_data) Record Success
[2013-09-19 04:00:02] : Info: Update Database(wx_data_activity) Record Success
[2013-09-19 04:00:02] : ---------------------------------------------------------------------------------
[2013-09-19 04:00:02] : Data Id       : 79
[2013-09-19 04:00:02] : Data Obj Name : 2013091800145123.docx
[2013-09-19 04:00:02] : Data Vps Path : /alidata/www/creamnote/upload/study-notes/
[2013-09-19 04:00:02] : Info: This Data Is Out Of Lifetime, Clear It
[2013-09-19 04:00:02] : Info: Delete VPS Data File Success
[2013-09-19 04:00:02] : Info: Delete VPS Flash File Success
[2013-09-19 04:00:02] : Info: Update Database(wx_data) Record Success
[2013-09-19 04:00:02] : Info: Update Database(wx_data_activity) Record Success
[2013-09-19 04:00:02] : ---------------------------------------------------------------------------------
[2013-09-19 04:00:02] : Data Id       : 80
[2013-09-19 04:00:02] : Data Obj Name : 2013091800163023.doc
[2013-09-19 04:00:02] : Data Vps Path : /alidata/www/creamnote/upload/study-notes/
[2013-09-19 04:00:02] : Info: This Data Is Out Of Lifetime, Clear It
[2013-09-19 04:00:03] : Info: Delete VPS Data File Success
[2013-09-19 04:00:03] : Info: Delete VPS Flash File Success
[2013-09-19 04:00:03] : Info: Update Database(wx_data) Record Success
[2013-09-19 04:00:03] : Info: Update Database(wx_data_activity) Record Success
[2013-09-19 04:00:03] : ---------------------------------------------------------------------------------
[2013-09-19 04:00:03] : Data Id       : 81
[2013-09-19 04:00:03] : Data Obj Name : 2013091800182583.docx
[2013-09-19 04:00:03] : Data Vps Path : /alidata/www/creamnote/upload/study-notes/
[2013-09-19 04:00:03] : Info: This Data Is Out Of Lifetime, Clear It
[2013-09-19 04:00:03] : Info: Delete VPS Data File Success
[2013-09-19 04:00:03] : Info: Delete VPS Flash File Success
[2013-09-19 04:00:03] : Info: Update Database(wx_data) Record Success
[2013-09-19 05:00:01] : ---------------------------------------------------------------------------------
[2013-09-19 05:00:01] : ---------------------  Clear Timeout Images Everyday ----------------------------
[2013-09-19 05:00:01] : --------- Filter Time      : 2013-09-19 00:01:00  -------------------------------
[2013-09-19 05:00:01] : --------- Total  Data Count: 1
[2013-09-19 05:00:01] : ---------------------------------------------------------------------------------
[2013-09-19 05:00:01] : ---------------------------------------------------------------------------------
[2013-09-19 05:00:01] : User Id    : 2
[2013-09-19 05:00:01] : Clear Path : /alidata/www/creamnote/upload/image/2
[2013-09-19 05:00:02] : Info: Clear User Image Path Success
[2013-09-19 05:00:02] : Info: Delete Database Record Success
[2013-09-19 05:00:02] : ---------------------------------------------------------------------------------
[2013-09-19 05:00:02] : 
