[2013-08-13 01:00:01] : ---------------------------------------------------------------------------------
[2013-08-13 01:00:01] : ---------------------  Data Moving Task Everyday --------------------------------
[2013-08-13 01:00:01] : --------- Filter Time      : 2013-08-12 00:01:00 ~ 2013-08-13 00:01:00-----------
[2013-08-13 01:00:01] : --------- Total  Data Count: 1
[2013-08-13 01:00:01] : --------- Actual Data Count: 1
[2013-08-13 01:00:01] : ---------------------------------------------------------------------------------
[2013-08-13 01:00:01] : ---------------------------------------------------------------------------------
[2013-08-13 01:00:01] : Data Id        : 47
[2013-08-13 01:00:01] : Data ObjectName: 2013081222064316.pdf
[2013-08-13 01:00:01] : Data VPS Path  : /alidata/www/creamnote/upload/final-exam/2013081222064316.pdf
[2013-08-13 01:00:01] : Data OSS Path  : /wx-final-exam/2013081222064316.pdf
[2013-08-13 01:00:01] : Info: Upload data to OSS success
[2013-08-13 01:00:01] : Info: Upload local flash file success
[2013-08-13 01:00:02] : Info: Update database OSS-Path success
[2013-08-13 01:00:02] : ---------------------------------------------------------------------------------
[2013-08-13 01:00:02] : 
[2013-08-13 02:00:01] : ---------------------------------------------------------------------------------
[2013-08-13 02:00:01] : ---------------------  Data Notify Complete Info Everyday -----------------------
[2013-08-13 02:00:01] : --------- Filter Time      : 2013-08-12 00:01:00 ~ 2013-08-13 00:01:00-----------
[2013-08-13 02:00:01] : --------- Total  Data Count: 0
[2013-08-13 02:00:01] : ---------------------------------------------------------------------------------
[2013-08-13 02:00:01] : ---------------------------------------------------------------------------------
[2013-08-13 02:00:01] : 
[2013-08-13 03:00:01] : ---------------------------------------------------------------------------------
[2013-08-13 03:00:01] : ---------------------  Clear Unfull Data Every Two Days -----------------------
[2013-08-13 03:00:01] : --------- Filter Time      : 2013-08-11 00:01:00 ~ 2013-08-12 00:01:00-----------
[2013-08-13 03:00:01] : --------- Total  Data Count: 0
[2013-08-13 03:00:01] : ---------------------------------------------------------------------------------
[2013-08-13 03:00:01] : ---------------------------------------------------------------------------------
[2013-08-13 03:00:01] : 
[2013-08-13 04:00:01] : ---------------------------------------------------------------------------------
[2013-08-13 04:00:01] : ---------------------  Clear VPS Data Every Two Days ----------------------------
[2013-08-13 04:00:01] : --------- Filter Time      : 2013-08-13 00:01:00  -------------------------------
[2013-08-13 04:00:01] : --------- Standard Lifetime: 2013-08-11 00:01:00  -------------------------------
[2013-08-13 04:00:01] : --------- Total  Data Count: 1  -------------------------------------------------
[2013-08-13 04:00:01] : ---------------------------------------------------------------------------------
[2013-08-13 04:00:01] : ---------------------------------------------------------------------------------
[2013-08-13 04:00:01] : Data Id       : 47
[2013-08-13 04:00:01] : Data Obj Name : 2013081222064316.pdf
[2013-08-13 04:00:01] : Data Vps Path : /alidata/www/creamnote/upload/final-exam/
[2013-08-13 04:00:01] : Warining: This Data Is Health, Donnot Need Clear
[2013-08-13 04:00:01] : ---------------------------------------------------------------------------------
[2013-08-13 04:00:01] : 
