[2013-08-27 01:00:01] : ---------------------------------------------------------------------------------
[2013-08-27 01:00:01] : ---------------------  Data Moving Task Everyday --------------------------------
[2013-08-27 01:00:01] : --------- Filter Time      : 2013-08-26 00:01:00 ~ 2013-08-27 00:01:00-----------
[2013-08-27 01:00:01] : --------- Total  Data Count: 3
[2013-08-27 01:00:01] : --------- Actual Data Count: 3
[2013-08-27 01:00:01] : ---------------------------------------------------------------------------------
[2013-08-27 01:00:01] : ---------------------------------------------------------------------------------
[2013-08-27 01:00:01] : Data Id        : 49
[2013-08-27 01:00:01] : Data ObjectName: 2013082520462749.docx
[2013-08-27 01:00:01] : Data VPS Path  : /alidata/www/creamnote/upload/graduate-exam/2013082520462749.docx
[2013-08-27 01:00:01] : Data OSS Path  : /wx-graduate-exam/2013082520462749.docx
[2013-08-27 01:00:01] : Info: Upload data to OSS success
[2013-08-27 01:00:01] : Info: Upload local flash file success
[2013-08-27 01:00:01] : Info: Update database OSS-Path success
[2013-08-27 01:00:01] : ---------------------------------------------------------------------------------
[2013-08-27 01:00:01] : Data Id        : 50
[2013-08-27 01:00:01] : Data ObjectName: 2013082622012828.docx
[2013-08-27 01:00:01] : Data VPS Path  : /alidata/www/creamnote/upload/graduate-exam/2013082622012828.docx
[2013-08-27 01:00:01] : Data OSS Path  : /wx-graduate-exam/2013082622012828.docx
[2013-08-27 01:00:01] : Info: Upload data to OSS success
[2013-08-27 01:00:01] : Info: Upload local flash file success
[2013-08-27 01:00:01] : Info: Update database OSS-Path success
[2013-08-27 01:00:01] : ---------------------------------------------------------------------------------
[2013-08-27 01:00:01] : Data Id        : 51
[2013-08-27 01:00:01] : Data ObjectName: 2013082623452211.docx
[2013-08-27 01:00:01] : Data VPS Path  : /alidata/www/creamnote/upload/graduate-exam/2013082623452211.docx
[2013-08-27 01:00:01] : Data OSS Path  : /wx-graduate-exam/2013082623452211.docx
[2013-08-27 01:00:01] : Info: Upload data to OSS success
[2013-08-27 01:00:02] : Info: Upload local flash file success
[2013-08-27 01:00:02] : Info: Update database OSS-Path success
[2013-08-27 01:00:02] : ---------------------------------------------------------------------------------
[2013-08-27 01:00:02] : 
[2013-08-27 02:00:01] : ---------------------------------------------------------------------------------
[2013-08-27 02:00:01] : ---------------------  Data Notify Complete Info Everyday -----------------------
[2013-08-27 02:00:01] : --------- Filter Time      : 2013-08-26 00:01:00 ~ 2013-08-27 00:01:00-----------
[2013-08-27 02:00:01] : --------- Total  Data Count: 0
[2013-08-27 02:00:01] : ---------------------------------------------------------------------------------
[2013-08-27 02:00:01] : ---------------------------------------------------------------------------------
[2013-08-27 02:00:01] : 
[2013-08-27 03:00:01] : ---------------------------------------------------------------------------------
[2013-08-27 03:00:01] : ---------------------  Clear Unfull Data Every Two Days -----------------------
[2013-08-27 03:00:01] : --------- Filter Time      : 2013-08-25 00:01:00 ~ 2013-08-26 00:01:00-----------
[2013-08-27 03:00:01] : --------- Total  Data Count: 1
[2013-08-27 03:00:01] : ---------------------------------------------------------------------------------
[2013-08-27 03:00:01] : ---------------------------------------------------------------------------------
[2013-08-27 03:00:01] : Data Id       : 48
[2013-08-27 03:00:01] : Data Obj Name : 2013082520430378.pdf
[2013-08-27 03:00:01] : Data Vps Path : /alidata/www/creamnote/upload/tmp/
[2013-08-27 03:00:01] : Info: Delete Tmp Data File Success
[2013-08-27 03:00:01] : Info: Delete Database(wx_data) Record Success
[2013-08-27 03:00:01] : Info: Delete Database(wx_data2carea) Record Success
[2013-08-27 03:00:01] : Info: Delete Database(wx_data2cnature) Record Success
[2013-08-27 03:00:01] : Info: Delete Database(wx_data_activity) Record Success
[2013-08-27 03:00:01] : Info: Delete Database(wx_grade) Record Success
[2013-08-27 03:00:01] : Info: Delete Database(wx_notify) Record Success
[2013-08-27 03:00:01] : ---------------------------------------------------------------------------------
[2013-08-27 03:00:01] : 
[2013-08-27 04:00:01] : ---------------------------------------------------------------------------------
[2013-08-27 04:00:01] : ---------------------  Clear VPS Data Every Two Days ----------------------------
[2013-08-27 04:00:01] : --------- Filter Time      : 2013-08-27 00:01:00  -------------------------------
[2013-08-27 04:00:01] : --------- Standard Lifetime: 2013-08-25 00:01:00  -------------------------------
[2013-08-27 04:00:01] : --------- Total  Data Count: 9  -------------------------------------------------
[2013-08-27 04:00:01] : ---------------------------------------------------------------------------------
[2013-08-27 04:00:01] : ---------------------------------------------------------------------------------
[2013-08-27 04:00:01] : Data Id       : 2
[2013-08-27 04:00:01] : Data Obj Name : 2013051900083021.doc
[2013-08-27 04:00:01] : Data Vps Path : /alidata/www/creamnote/upload/final-exam/
[2013-08-27 04:00:01] : Info: This Data Is Out Of Lifetime, Clear It
[2013-08-27 04:00:01] : Info: Delete VPS Data File Success
[2013-08-27 04:00:01] : Info: Delete VPS Flash File Success
[2013-08-27 04:00:01] : Info: Update Database(wx_data) Record Success
[2013-08-27 04:00:01] : Info: Update Database(wx_data_activity) Record Success
[2013-08-27 04:00:01] : ---------------------------------------------------------------------------------
[2013-08-27 04:00:01] : Data Id       : 3
[2013-08-27 04:00:01] : Data Obj Name : 2013051900102185.doc
[2013-08-27 04:00:01] : Data Vps Path : /alidata/www/creamnote/upload/final-exam/
[2013-08-27 04:00:01] : Warining: This Data Is Health, Donnot Need Clear
[2013-08-27 04:00:01] : ---------------------------------------------------------------------------------
[2013-08-27 04:00:01] : Data Id       : 11
[2013-08-27 04:00:01] : Data Obj Name : 2013062120465411.pdf
[2013-08-27 04:00:01] : Data Vps Path : /alidata/www/creamnote/upload/graduate-exam/
[2013-08-27 04:00:01] : Warining: This Data Is Health, Donnot Need Clear
[2013-08-27 04:00:01] : ---------------------------------------------------------------------------------
[2013-08-27 04:00:01] : Data Id       : 13
[2013-08-27 04:00:01] : Data Obj Name : 2013062120485537.pdf
[2013-08-27 04:00:01] : Data Vps Path : /alidata/www/creamnote/upload/study-notes/
[2013-08-27 04:00:01] : Warining: This Data Is Health, Donnot Need Clear
[2013-08-27 04:00:01] : ---------------------------------------------------------------------------------
[2013-08-27 04:00:01] : Data Id       : 17
[2013-08-27 04:00:01] : Data Obj Name : 2013062120512151.pdf
[2013-08-27 04:00:01] : Data Vps Path : /alidata/www/creamnote/upload/final-exam/
[2013-08-27 04:00:01] : Warining: This Data Is Health, Donnot Need Clear
[2013-08-27 04:00:01] : ---------------------------------------------------------------------------------
[2013-08-27 04:00:01] : Data Id       : 41
[2013-08-27 04:00:01] : Data Obj Name : 2013071416431022.doc
[2013-08-27 04:00:01] : Data Vps Path : /alidata/www/creamnote/upload/graduate-exam/
[2013-08-27 04:00:01] : Warining: This Data Is Health, Donnot Need Clear
[2013-08-27 04:00:01] : ---------------------------------------------------------------------------------
[2013-08-27 04:00:01] : Data Id       : 49
[2013-08-27 04:00:01] : Data Obj Name : 2013082520462749.docx
[2013-08-27 04:00:01] : Data Vps Path : /alidata/www/creamnote/upload/graduate-exam/
[2013-08-27 04:00:01] : Info: This Data Is Out Of Lifetime, Clear It
[2013-08-27 04:00:01] : Info: Delete VPS Data File Success
[2013-08-27 04:00:01] : Info: Delete VPS Flash File Success
[2013-08-27 04:00:01] : Info: Update Database(wx_data) Record Success
[2013-08-27 04:00:01] : Info: Update Database(wx_data_activity) Record Success
[2013-08-27 04:00:01] : ---------------------------------------------------------------------------------
[2013-08-27 04:00:01] : Data Id       : 50
[2013-08-27 04:00:01] : Data Obj Name : 2013082622012828.docx
[2013-08-27 04:00:01] : Data Vps Path : /alidata/www/creamnote/upload/graduate-exam/
[2013-08-27 04:00:01] : Info: This Data Is Out Of Lifetime, Clear It
[2013-08-27 04:00:01] : Info: Delete VPS Data File Success
[2013-08-27 04:00:01] : Info: Delete VPS Flash File Success
[2013-08-27 04:00:01] : Info: Update Database(wx_data) Record Success
[2013-08-27 04:00:01] : Info: Update Database(wx_data_activity) Record Success
[2013-08-27 04:00:01] : ---------------------------------------------------------------------------------
[2013-08-27 04:00:01] : Data Id       : 51
[2013-08-27 04:00:01] : Data Obj Name : 2013082623452211.docx
[2013-08-27 04:00:01] : Data Vps Path : /alidata/www/creamnote/upload/graduate-exam/
[2013-08-27 04:00:01] : Info: This Data Is Out Of Lifetime, Clear It
[2013-08-27 04:00:01] : Info: Delete VPS Data File Success
[2013-08-27 04:00:01] : Info: Delete VPS Flash File Success
[2013-08-27 04:00:01] : Info: Update Database(wx_data) Record Success
[2013-08-27 04:00:01] : Info: Update Database(wx_data_activity) Record Success
[2013-08-27 04:00:01] : ---------------------------------------------------------------------------------
[2013-08-27 04:00:01] : 
