[2013-09-06 01:00:01] : ---------------------------------------------------------------------------------
[2013-09-06 01:00:01] : ---------------------  Data Moving Task Everyday --------------------------------
[2013-09-06 01:00:01] : --------- Filter Time      : 2013-09-05 00:01:00 ~ 2013-09-06 00:01:00-----------
[2013-09-06 01:00:01] : --------- Total  Data Count: 1
[2013-09-06 01:00:01] : --------- Actual Data Count: 1
[2013-09-06 01:00:01] : ---------------------------------------------------------------------------------
[2013-09-06 01:00:01] : ---------------------------------------------------------------------------------
[2013-09-06 01:00:01] : Data Id        : 55
[2013-09-06 01:00:01] : Data ObjectName: 2013090520345984.docx
[2013-09-06 01:00:01] : Data VPS Path  : /alidata/www/creamnote/upload/study-notes/2013090520345984.docx
[2013-09-06 01:00:01] : Data OSS Path  : /wx-study-notes/2013090520345984.docx
[2013-09-06 01:00:01] : Info: Upload data to OSS success
[2013-09-06 01:00:01] : Info: Upload local flash file success
[2013-09-06 01:00:01] : Info: Update database OSS-Path success
[2013-09-06 01:00:01] : ---------------------------------------------------------------------------------
[2013-09-06 01:00:01] : 
[2013-09-06 02:00:01] : ---------------------------------------------------------------------------------
[2013-09-06 02:00:01] : ---------------------  Data Notify Complete Info Everyday -----------------------
[2013-09-06 02:00:01] : --------- Filter Time      : 2013-09-05 00:01:00 ~ 2013-09-06 00:01:00-----------
[2013-09-06 02:00:01] : --------- Total  Data Count: 0
[2013-09-06 02:00:01] : ---------------------------------------------------------------------------------
[2013-09-06 02:00:01] : ---------------------------------------------------------------------------------
[2013-09-06 02:00:01] : 
