[2013-09-11 01:00:01] : ---------------------------------------------------------------------------------
[2013-09-11 01:00:01] : ---------------------  Data Moving Task Everyday --------------------------------
[2013-09-11 01:00:01] : --------- Filter Time      : 2013-09-10 00:01:00 ~ 2013-09-11 00:01:00-----------
[2013-09-11 01:00:01] : --------- Total  Data Count: 0
[2013-09-11 01:00:01] : --------- Actual Data Count: 0
[2013-09-11 01:00:01] : ---------------------------------------------------------------------------------
[2013-09-11 01:00:01] : ---------------------------------------------------------------------------------
[2013-09-11 01:00:01] : 
[2013-09-11 02:00:01] : ---------------------------------------------------------------------------------
[2013-09-11 02:00:01] : ---------------------  Data Notify Complete Info Everyday -----------------------
[2013-09-11 02:00:01] : --------- Filter Time      : 2013-09-10 00:01:00 ~ 2013-09-11 00:01:00-----------
[2013-09-11 02:00:01] : --------- Total  Data Count: 0
[2013-09-11 02:00:01] : ---------------------------------------------------------------------------------
[2013-09-11 02:00:01] : ---------------------------------------------------------------------------------
[2013-09-11 02:00:01] : 
[2013-09-11 03:00:01] : ---------------------------------------------------------------------------------
[2013-09-11 03:00:01] : ---------------------  Clear Unfull Data Every Two Days -----------------------
[2013-09-11 03:00:01] : --------- Filter Time      : 2013-09-09 00:01:00 ~ 2013-09-10 00:01:00-----------
[2013-09-11 03:00:01] : --------- Total  Data Count: 0
[2013-09-11 03:00:01] : ---------------------------------------------------------------------------------
[2013-09-11 03:00:01] : ---------------------------------------------------------------------------------
[2013-09-11 03:00:01] : 
[2013-09-11 04:00:01] : ---------------------------------------------------------------------------------
[2013-09-11 04:00:01] : ---------------------  Clear VPS Data Every Two Days ----------------------------
[2013-09-11 04:00:01] : --------- Filter Time      : 2013-09-11 00:01:00  -------------------------------
[2013-09-11 04:00:01] : --------- Standard Lifetime: 2013-09-09 00:01:00  -------------------------------
[2013-09-11 04:00:01] : --------- Total  Data Count: 10  -------------------------------------------------
[2013-09-11 04:00:01] : ---------------------------------------------------------------------------------
[2013-09-11 04:00:01] : ---------------------------------------------------------------------------------
[2013-09-11 04:00:01] : Data Id       : 2
[2013-09-11 04:00:01] : Data Obj Name : 2013051900083021.doc
[2013-09-11 04:00:01] : Data Vps Path : /alidata/www/creamnote/upload/final-exam/
[2013-09-11 04:00:01] : Warining: This Data Is Health, Donnot Need Clear
[2013-09-11 04:00:01] : ---------------------------------------------------------------------------------
[2013-09-11 04:00:01] : Data Id       : 3
[2013-09-11 04:00:01] : Data Obj Name : 2013051900102185.doc
[2013-09-11 04:00:01] : Data Vps Path : /alidata/www/creamnote/upload/final-exam/
[2013-09-11 04:00:01] : Warining: This Data Is Health, Donnot Need Clear
[2013-09-11 04:00:01] : ---------------------------------------------------------------------------------
[2013-09-11 04:00:01] : Data Id       : 9
[2013-09-11 04:00:01] : Data Obj Name : 2013061221365569.pdf
[2013-09-11 04:00:01] : Data Vps Path : /alidata/www/creamnote/upload/graduate-exam/
[2013-09-11 04:00:01] : Warining: This Data Is Health, Donnot Need Clear
[2013-09-11 04:00:01] : ---------------------------------------------------------------------------------
[2013-09-11 04:00:01] : Data Id       : 11
[2013-09-11 04:00:01] : Data Obj Name : 2013062120465411.pdf
[2013-09-11 04:00:01] : Data Vps Path : /alidata/www/creamnote/upload/graduate-exam/
[2013-09-11 04:00:01] : Warining: This Data Is Health, Donnot Need Clear
[2013-09-11 04:00:01] : ---------------------------------------------------------------------------------
[2013-09-11 04:00:01] : Data Id       : 14
[2013-09-11 04:00:01] : Data Obj Name : 2013062120494020.pdf
[2013-09-11 04:00:01] : Data Vps Path : /alidata/www/creamnote/upload/study-notes/
[2013-09-11 04:00:01] : Warining: This Data Is Health, Donnot Need Clear
[2013-09-11 04:00:01] : ---------------------------------------------------------------------------------
[2013-09-11 04:00:01] : Data Id       : 40
[2013-09-11 04:00:01] : Data Obj Name : 2013071416040376.docx
[2013-09-11 04:00:01] : Data Vps Path : /alidata/www/creamnote/upload/final-exam/
[2013-09-11 04:00:01] : Info: This Data Is Out Of Lifetime, Clear It
[2013-09-11 04:00:01] : Info: Delete VPS Data File Success
[2013-09-11 04:00:01] : Info: Delete VPS Flash File Success
[2013-09-11 04:00:01] : Info: Update Database(wx_data) Record Success
[2013-09-11 04:00:01] : Info: Update Database(wx_data_activity) Record Success
[2013-09-11 04:00:01] : ---------------------------------------------------------------------------------
[2013-09-11 04:00:01] : Data Id       : 42
[2013-09-11 04:00:01] : Data Obj Name : 2013071422185237.pdf
[2013-09-11 04:00:01] : Data Vps Path : /alidata/www/creamnote/upload/graduate-exam/
[2013-09-11 04:00:01] : Warining: This Data Is Health, Donnot Need Clear
[2013-09-11 04:00:01] : ---------------------------------------------------------------------------------
[2013-09-11 04:00:01] : Data Id       : 43
[2013-09-11 04:00:01] : Data Obj Name : 2013071723251973.pdf
[2013-09-11 04:00:01] : Data Vps Path : /alidata/www/creamnote/upload/study-notes/
[2013-09-11 04:00:01] : Info: This Data Is Out Of Lifetime, Clear It
[2013-09-11 04:00:01] : Info: Delete VPS Data File Success
[2013-09-11 04:00:01] : Info: Delete VPS Flash File Success
[2013-09-11 04:00:01] : Info: Update Database(wx_data) Record Success
[2013-09-11 04:00:01] : Info: Update Database(wx_data_activity) Record Success
[2013-09-11 04:00:01] : ---------------------------------------------------------------------------------
[2013-09-11 04:00:01] : Data Id       : 49
[2013-09-11 04:00:01] : Data Obj Name : 2013082520462749.docx
[2013-09-11 04:00:01] : Data Vps Path : /alidata/www/creamnote/upload/graduate-exam/
[2013-09-11 04:00:01] : Warining: This Data Is Health, Donnot Need Clear
[2013-09-11 04:00:01] : ---------------------------------------------------------------------------------
[2013-09-11 04:00:01] : Data Id       : 54
[2013-09-11 04:00:01] : Data Obj Name : 2013083000025523.doc
[2013-09-11 04:00:01] : Data Vps Path : /alidata/www/creamnote/upload/graduate-exam/
[2013-09-11 04:00:01] : Warining: This Data Is Health, Donnot Need Clear
[2013-09-11 04:00:01] : ---------------------------------------------------------------------------------
[2013-09-11 04:00:01] : 
