[2013-08-29 01:00:01] : ---------------------------------------------------------------------------------
[2013-08-29 01:00:01] : ---------------------  Data Moving Task Everyday --------------------------------
[2013-08-29 01:00:01] : --------- Filter Time      : 2013-08-28 00:01:00 ~ 2013-08-29 00:01:00-----------
[2013-08-29 01:00:01] : --------- Total  Data Count: 0
[2013-08-29 01:00:01] : --------- Actual Data Count: 0
[2013-08-29 01:00:01] : ---------------------------------------------------------------------------------
[2013-08-29 01:00:01] : ---------------------------------------------------------------------------------
[2013-08-29 01:00:01] : 
[2013-08-29 02:00:01] : ---------------------------------------------------------------------------------
[2013-08-29 02:00:01] : ---------------------  Data Notify Complete Info Everyday -----------------------
[2013-08-29 02:00:01] : --------- Filter Time      : 2013-08-28 00:01:00 ~ 2013-08-29 00:01:00-----------
[2013-08-29 02:00:01] : --------- Total  Data Count: 1
[2013-08-29 02:00:01] : ---------------------------------------------------------------------------------
[2013-08-29 02:00:01] : ---------------------------------------------------------------------------------
[2013-08-29 02:00:01] : Data Id       : 52
[2013-08-29 02:00:01] : Data Obj Name : 2013082821202954.pdf
[2013-08-29 02:00:01] : Info: Send Notify Success
[2013-08-29 02:00:01] : ---------------------------------------------------------------------------------
[2013-08-29 02:00:01] : 
[2013-08-29 03:00:01] : ---------------------------------------------------------------------------------
[2013-08-29 03:00:01] : ---------------------  Clear Unfull Data Every Two Days -----------------------
[2013-08-29 03:00:01] : --------- Filter Time      : 2013-08-27 00:01:00 ~ 2013-08-28 00:01:00-----------
[2013-08-29 03:00:01] : --------- Total  Data Count: 0
[2013-08-29 03:00:01] : ---------------------------------------------------------------------------------
[2013-08-29 03:00:01] : ---------------------------------------------------------------------------------
[2013-08-29 03:00:01] : 
[2013-08-29 04:00:01] : ---------------------------------------------------------------------------------
[2013-08-29 04:00:01] : ---------------------  Clear VPS Data Every Two Days ----------------------------
[2013-08-29 04:00:01] : --------- Filter Time      : 2013-08-29 00:01:00  -------------------------------
[2013-08-29 04:00:01] : --------- Standard Lifetime: 2013-08-27 00:01:00  -------------------------------
[2013-08-29 04:00:01] : --------- Total  Data Count: 6  -------------------------------------------------
[2013-08-29 04:00:01] : ---------------------------------------------------------------------------------
[2013-08-29 04:00:01] : ---------------------------------------------------------------------------------
[2013-08-29 04:00:01] : Data Id       : 3
[2013-08-29 04:00:01] : Data Obj Name : 2013051900102185.doc
[2013-08-29 04:00:01] : Data Vps Path : /alidata/www/creamnote/upload/final-exam/
[2013-08-29 04:00:01] : Info: This Data Is Out Of Lifetime, Clear It
[2013-08-29 04:00:01] : Info: Delete VPS Data File Success
[2013-08-29 04:00:01] : Info: Delete VPS Flash File Success
[2013-08-29 04:00:02] : Info: Update Database(wx_data) Record Success
[2013-08-29 04:00:02] : Info: Update Database(wx_data_activity) Record Success
[2013-08-29 04:00:02] : ---------------------------------------------------------------------------------
[2013-08-29 04:00:02] : Data Id       : 11
[2013-08-29 04:00:02] : Data Obj Name : 2013062120465411.pdf
[2013-08-29 04:00:02] : Data Vps Path : /alidata/www/creamnote/upload/graduate-exam/
[2013-08-29 04:00:02] : Info: This Data Is Out Of Lifetime, Clear It
[2013-08-29 04:00:02] : Info: Delete VPS Data File Success
[2013-08-29 04:00:02] : Info: Delete VPS Flash File Success
[2013-08-29 04:00:02] : Info: Update Database(wx_data) Record Success
[2013-08-29 04:00:02] : Info: Update Database(wx_data_activity) Record Success
[2013-08-29 04:00:02] : ---------------------------------------------------------------------------------
[2013-08-29 04:00:02] : Data Id       : 13
[2013-08-29 04:00:02] : Data Obj Name : 2013062120485537.pdf
[2013-08-29 04:00:02] : Data Vps Path : /alidata/www/creamnote/upload/study-notes/
[2013-08-29 04:00:02] : Info: This Data Is Out Of Lifetime, Clear It
[2013-08-29 04:00:02] : Info: Delete VPS Data File Success
[2013-08-29 04:00:02] : Info: Delete VPS Flash File Success
[2013-08-29 04:00:02] : Info: Update Database(wx_data) Record Success
[2013-08-29 04:00:02] : Info: Update Database(wx_data_activity) Record Success
[2013-08-29 04:00:02] : ---------------------------------------------------------------------------------
[2013-08-29 04:00:02] : Data Id       : 17
[2013-08-29 04:00:02] : Data Obj Name : 2013062120512151.pdf
[2013-08-29 04:00:02] : Data Vps Path : /alidata/www/creamnote/upload/final-exam/
[2013-08-29 04:00:02] : Info: This Data Is Out Of Lifetime, Clear It
[2013-08-29 04:00:02] : Info: Delete VPS Data File Success
[2013-08-29 04:00:02] : Info: Delete VPS Flash File Success
[2013-08-29 04:00:02] : Info: Update Database(wx_data) Record Success
[2013-08-29 04:00:02] : Info: Update Database(wx_data_activity) Record Success
[2013-08-29 04:00:02] : ---------------------------------------------------------------------------------
[2013-08-29 04:00:02] : Data Id       : 41
[2013-08-29 04:00:02] : Data Obj Name : 2013071416431022.doc
[2013-08-29 04:00:02] : Data Vps Path : /alidata/www/creamnote/upload/graduate-exam/
[2013-08-29 04:00:02] : Info: This Data Is Out Of Lifetime, Clear It
[2013-08-29 04:00:02] : Info: Delete VPS Data File Success
[2013-08-29 04:00:02] : Info: Delete VPS Flash File Success
[2013-08-29 04:00:02] : Info: Update Database(wx_data) Record Success
[2013-08-29 04:00:02] : Info: Update Database(wx_data_activity) Record Success
[2013-08-29 04:00:02] : ---------------------------------------------------------------------------------
[2013-08-29 04:00:02] : Data Id       : 52
[2013-08-29 04:00:02] : Data Obj Name : 2013082821202954.pdf
[2013-08-29 04:00:02] : Data Vps Path : /alidata/www/creamnote/upload/tmp/
[2013-08-29 04:00:02] : Info: This Data Is Out Of Lifetime, Clear It
[2013-08-29 04:00:02] : Info: Delete VPS Data File Success
[2013-08-29 04:00:02] : Info: Delete VPS Flash File Success
[2013-08-29 04:00:02] : Info: Update Database(wx_data) Record Success
[2013-08-29 04:00:02] : Info: Update Database(wx_data_activity) Record Success
[2013-08-29 04:00:02] : ---------------------------------------------------------------------------------
[2013-08-29 04:00:02] : 
