[2013-08-19 01:00:01] : ---------------------------------------------------------------------------------
[2013-08-19 01:00:01] : ---------------------  Data Moving Task Everyday --------------------------------
[2013-08-19 01:00:01] : --------- Filter Time      : 2013-08-18 00:01:00 ~ 2013-08-19 00:01:00-----------
[2013-08-19 01:00:01] : --------- Total  Data Count: 0
[2013-08-19 01:00:01] : --------- Actual Data Count: 0
[2013-08-19 01:00:01] : ---------------------------------------------------------------------------------
[2013-08-19 01:00:01] : ---------------------------------------------------------------------------------
[2013-08-19 01:00:01] : 
[2013-08-19 02:00:01] : ---------------------------------------------------------------------------------
[2013-08-19 02:00:01] : ---------------------  Data Notify Complete Info Everyday -----------------------
[2013-08-19 02:00:01] : --------- Filter Time      : 2013-08-18 00:01:00 ~ 2013-08-19 00:01:00-----------
[2013-08-19 02:00:01] : --------- Total  Data Count: 0
[2013-08-19 02:00:01] : ---------------------------------------------------------------------------------
[2013-08-19 02:00:01] : ---------------------------------------------------------------------------------
[2013-08-19 02:00:01] : 
[2013-08-19 03:00:02] : ---------------------------------------------------------------------------------
[2013-08-19 03:00:02] : ---------------------  Clear Unfull Data Every Two Days -----------------------
[2013-08-19 03:00:02] : --------- Filter Time      : 2013-08-17 00:01:00 ~ 2013-08-18 00:01:00-----------
[2013-08-19 03:00:02] : --------- Total  Data Count: 0
[2013-08-19 03:00:02] : ---------------------------------------------------------------------------------
[2013-08-19 03:00:02] : ---------------------------------------------------------------------------------
[2013-08-19 03:00:02] : 
[2013-08-19 04:00:01] : ---------------------------------------------------------------------------------
[2013-08-19 04:00:01] : ---------------------  Clear VPS Data Every Two Days ----------------------------
[2013-08-19 04:00:01] : --------- Filter Time      : 2013-08-19 00:01:00  -------------------------------
[2013-08-19 04:00:01] : --------- Standard Lifetime: 2013-08-17 00:01:00  -------------------------------
[2013-08-19 04:00:01] : --------- Total  Data Count: 6  -------------------------------------------------
[2013-08-19 04:00:01] : ---------------------------------------------------------------------------------
[2013-08-19 04:00:01] : ---------------------------------------------------------------------------------
[2013-08-19 04:00:01] : Data Id       : 15
[2013-08-19 04:00:01] : Data Obj Name : 2013062120501446.pdf
[2013-08-19 04:00:01] : Data Vps Path : /alidata/www/creamnote/upload/study-notes/
[2013-08-19 04:00:01] : Info: This Data Is Out Of Lifetime, Clear It
[2013-08-19 04:00:01] : Info: Delete VPS Data File Success
[2013-08-19 04:00:01] : Info: Delete VPS Flash File Success
[2013-08-19 04:00:01] : Info: Update Database(wx_data) Record Success
[2013-08-19 04:00:01] : Info: Update Database(wx_data_activity) Record Success
[2013-08-19 04:00:01] : ---------------------------------------------------------------------------------
[2013-08-19 04:00:01] : Data Id       : 18
[2013-08-19 04:00:01] : Data Obj Name : 2013062120515249.pdf
[2013-08-19 04:00:01] : Data Vps Path : /alidata/www/creamnote/upload/study-notes/
[2013-08-19 04:00:01] : Info: This Data Is Out Of Lifetime, Clear It
[2013-08-19 04:00:01] : Info: Delete VPS Data File Success
[2013-08-19 04:00:01] : Info: Delete VPS Flash File Success
[2013-08-19 04:00:01] : Info: Update Database(wx_data) Record Success
[2013-08-19 04:00:01] : Info: Update Database(wx_data_activity) Record Success
[2013-08-19 04:00:01] : ---------------------------------------------------------------------------------
[2013-08-19 04:00:01] : Data Id       : 24
[2013-08-19 04:00:01] : Data Obj Name : 2013062622195248.docx
[2013-08-19 04:00:01] : Data Vps Path : /alidata/www/creamnote/upload/study-notes/
[2013-08-19 04:00:01] : Info: This Data Is Out Of Lifetime, Clear It
[2013-08-19 04:00:01] : Info: Delete VPS Data File Success
[2013-08-19 04:00:01] : Info: Delete VPS Flash File Success
[2013-08-19 04:00:01] : Info: Update Database(wx_data) Record Success
[2013-08-19 04:00:01] : Info: Update Database(wx_data_activity) Record Success
[2013-08-19 04:00:01] : ---------------------------------------------------------------------------------
[2013-08-19 04:00:01] : Data Id       : 40
[2013-08-19 04:00:01] : Data Obj Name : 2013071416040376.docx
[2013-08-19 04:00:01] : Data Vps Path : /alidata/www/creamnote/upload/final-exam/
[2013-08-19 04:00:01] : Info: This Data Is Out Of Lifetime, Clear It
[2013-08-19 04:00:01] : Info: Delete VPS Data File Success
[2013-08-19 04:00:01] : Info: Delete VPS Flash File Success
[2013-08-19 04:00:01] : Info: Update Database(wx_data) Record Success
[2013-08-19 04:00:01] : Info: Update Database(wx_data_activity) Record Success
[2013-08-19 04:00:01] : ---------------------------------------------------------------------------------
[2013-08-19 04:00:01] : Data Id       : 42
[2013-08-19 04:00:01] : Data Obj Name : 2013071422185237.pdf
[2013-08-19 04:00:01] : Data Vps Path : /alidata/www/creamnote/upload/graduate-exam/
[2013-08-19 04:00:01] : Info: This Data Is Out Of Lifetime, Clear It
[2013-08-19 04:00:01] : Info: Delete VPS Data File Success
[2013-08-19 04:00:01] : Info: Delete VPS Flash File Success
[2013-08-19 04:00:01] : Info: Update Database(wx_data) Record Success
[2013-08-19 04:00:01] : Info: Update Database(wx_data_activity) Record Success
[2013-08-19 04:00:01] : ---------------------------------------------------------------------------------
[2013-08-19 04:00:01] : Data Id       : 43
[2013-08-19 04:00:01] : Data Obj Name : 2013071723251973.pdf
[2013-08-19 04:00:01] : Data Vps Path : /alidata/www/creamnote/upload/study-notes/
[2013-08-19 04:00:01] : Info: This Data Is Out Of Lifetime, Clear It
[2013-08-19 04:00:01] : Info: Delete VPS Data File Success
[2013-08-19 04:00:01] : Info: Delete VPS Flash File Success
[2013-08-19 04:00:01] : Info: Update Database(wx_data) Record Success
[2013-08-19 04:00:01] : Info: Update Database(wx_data_activity) Record Success
[2013-08-19 04:00:01] : ---------------------------------------------------------------------------------
[2013-08-19 04:00:01] : 
