[2013-08-31 01:00:01] : ---------------------------------------------------------------------------------
[2013-08-31 01:00:01] : ---------------------  Data Moving Task Everyday --------------------------------
[2013-08-31 01:00:01] : --------- Filter Time      : 2013-08-30 00:01:00 ~ 2013-08-31 00:01:00-----------
[2013-08-31 01:00:01] : --------- Total  Data Count: 2
[2013-08-31 01:00:01] : --------- Actual Data Count: 2
[2013-08-31 01:00:01] : ---------------------------------------------------------------------------------
[2013-08-31 01:00:01] : ---------------------------------------------------------------------------------
[2013-08-31 01:00:01] : Data Id        : 53
[2013-08-31 01:00:01] : Data ObjectName: 2013082923145536.docx
[2013-08-31 01:00:01] : Data VPS Path  : /alidata/www/creamnote/upload/graduate-exam/2013082923145536.docx
[2013-08-31 01:00:01] : Data OSS Path  : /wx-graduate-exam/2013082923145536.docx
[2013-08-31 01:00:01] : Info: Upload data to OSS success
[2013-08-31 01:00:01] : Info: Upload local flash file success
[2013-08-31 01:00:01] : Info: Update database OSS-Path success
[2013-08-31 01:00:01] : ---------------------------------------------------------------------------------
[2013-08-31 01:00:01] : Data Id        : 54
[2013-08-31 01:00:01] : Data ObjectName: 2013083000025523.doc
[2013-08-31 01:00:01] : Data VPS Path  : /alidata/www/creamnote/upload/graduate-exam/2013083000025523.doc
[2013-08-31 01:00:01] : Data OSS Path  : /wx-graduate-exam/2013083000025523.doc
[2013-08-31 01:00:01] : Info: Upload data to OSS success
[2013-08-31 01:00:01] : Info: Upload local flash file success
[2013-08-31 01:00:01] : Info: Update database OSS-Path success
[2013-08-31 01:00:01] : ---------------------------------------------------------------------------------
[2013-08-31 01:00:01] : 
[2013-08-31 02:00:01] : ---------------------------------------------------------------------------------
[2013-08-31 02:00:01] : ---------------------  Data Notify Complete Info Everyday -----------------------
[2013-08-31 02:00:01] : --------- Filter Time      : 2013-08-30 00:01:00 ~ 2013-08-31 00:01:00-----------
[2013-08-31 02:00:01] : --------- Total  Data Count: 0
[2013-08-31 02:00:01] : ---------------------------------------------------------------------------------
[2013-08-31 02:00:01] : ---------------------------------------------------------------------------------
[2013-08-31 02:00:01] : 
[2013-08-31 03:00:01] : ---------------------------------------------------------------------------------
[2013-08-31 03:00:01] : ---------------------  Clear Unfull Data Every Two Days -----------------------
[2013-08-31 03:00:01] : --------- Filter Time      : 2013-08-29 00:01:00 ~ 2013-08-30 00:01:00-----------
[2013-08-31 03:00:01] : --------- Total  Data Count: 0
[2013-08-31 03:00:01] : ---------------------------------------------------------------------------------
[2013-08-31 03:00:01] : ---------------------------------------------------------------------------------
[2013-08-31 03:00:01] : 
[2013-08-31 04:00:01] : ---------------------------------------------------------------------------------
[2013-08-31 04:00:01] : ---------------------  Clear VPS Data Every Two Days ----------------------------
[2013-08-31 04:00:01] : --------- Filter Time      : 2013-08-31 00:01:00  -------------------------------
[2013-08-31 04:00:01] : --------- Standard Lifetime: 2013-08-29 00:01:00  -------------------------------
[2013-08-31 04:00:01] : --------- Total  Data Count: 2  -------------------------------------------------
[2013-08-31 04:00:01] : ---------------------------------------------------------------------------------
[2013-08-31 04:00:01] : ---------------------------------------------------------------------------------
[2013-08-31 04:00:01] : Data Id       : 53
[2013-08-31 04:00:01] : Data Obj Name : 2013082923145536.docx
[2013-08-31 04:00:01] : Data Vps Path : /alidata/www/creamnote/upload/graduate-exam/
[2013-08-31 04:00:01] : Info: This Data Is Out Of Lifetime, Clear It
[2013-08-31 04:00:01] : Info: Delete VPS Data File Success
[2013-08-31 04:00:01] : Info: Delete VPS Flash File Success
[2013-08-31 04:00:01] : Info: Update Database(wx_data) Record Success
[2013-08-31 04:00:01] : Info: Update Database(wx_data_activity) Record Success
[2013-08-31 04:00:01] : ---------------------------------------------------------------------------------
[2013-08-31 04:00:01] : Data Id       : 54
[2013-08-31 04:00:01] : Data Obj Name : 2013083000025523.doc
[2013-08-31 04:00:01] : Data Vps Path : /alidata/www/creamnote/upload/graduate-exam/
[2013-08-31 04:00:01] : Info: This Data Is Out Of Lifetime, Clear It
[2013-08-31 04:00:01] : Info: Delete VPS Data File Success
[2013-08-31 04:00:01] : Info: Delete VPS Flash File Success
[2013-08-31 04:00:01] : Info: Update Database(wx_data) Record Success
[2013-08-31 04:00:01] : Info: Update Database(wx_data_activity) Record Success
[2013-08-31 04:00:01] : ---------------------------------------------------------------------------------
[2013-08-31 04:00:01] : 
