[2013-08-15 01:00:01] : ---------------------------------------------------------------------------------
[2013-08-15 01:00:01] : ---------------------  Data Moving Task Everyday --------------------------------
[2013-08-15 01:00:01] : --------- Filter Time      : 2013-08-14 00:01:00 ~ 2013-08-15 00:01:00-----------
[2013-08-15 01:00:01] : --------- Total  Data Count: 0
[2013-08-15 01:00:01] : --------- Actual Data Count: 0
[2013-08-15 01:00:01] : ---------------------------------------------------------------------------------
[2013-08-15 01:00:01] : ---------------------------------------------------------------------------------
[2013-08-15 01:00:01] : 
[2013-08-15 02:00:01] : ---------------------------------------------------------------------------------
[2013-08-15 02:00:01] : ---------------------  Data Notify Complete Info Everyday -----------------------
[2013-08-15 02:00:01] : --------- Filter Time      : 2013-08-14 00:01:00 ~ 2013-08-15 00:01:00-----------
[2013-08-15 02:00:01] : --------- Total  Data Count: 0
[2013-08-15 02:00:01] : ---------------------------------------------------------------------------------
[2013-08-15 02:00:01] : ---------------------------------------------------------------------------------
[2013-08-15 02:00:01] : 
[2013-08-15 03:00:01] : ---------------------------------------------------------------------------------
[2013-08-15 03:00:01] : ---------------------  Clear Unfull Data Every Two Days -----------------------
[2013-08-15 03:00:01] : --------- Filter Time      : 2013-08-13 00:01:00 ~ 2013-08-14 00:01:00-----------
[2013-08-15 03:00:01] : --------- Total  Data Count: 0
[2013-08-15 03:00:01] : ---------------------------------------------------------------------------------
[2013-08-15 03:00:01] : ---------------------------------------------------------------------------------
[2013-08-15 03:00:01] : 
[2013-08-15 04:00:01] : ---------------------------------------------------------------------------------
[2013-08-15 04:00:01] : ---------------------  Clear VPS Data Every Two Days ----------------------------
[2013-08-15 04:00:01] : --------- Filter Time      : 2013-08-15 00:01:00  -------------------------------
[2013-08-15 04:00:01] : --------- Standard Lifetime: 2013-08-13 00:01:00  -------------------------------
[2013-08-15 04:00:01] : --------- Total  Data Count: 1  -------------------------------------------------
[2013-08-15 04:00:01] : ---------------------------------------------------------------------------------
[2013-08-15 04:00:01] : ---------------------------------------------------------------------------------
[2013-08-15 04:00:01] : Data Id       : 47
[2013-08-15 04:00:01] : Data Obj Name : 2013081222064316.pdf
[2013-08-15 04:00:01] : Data Vps Path : /alidata/www/creamnote/upload/final-exam/
[2013-08-15 04:00:01] : Info: This Data Is Out Of Lifetime, Clear It
[2013-08-15 04:00:01] : Info: Delete VPS Data File Success
[2013-08-15 04:00:01] : Info: Delete VPS Flash File Success
[2013-08-15 04:00:01] : Info: Update Database(wx_data) Record Success
[2013-08-15 04:00:01] : Info: Update Database(wx_data_activity) Record Success
[2013-08-15 04:00:01] : ---------------------------------------------------------------------------------
[2013-08-15 04:00:01] : 
