[2013-09-15 01:00:01] : ---------------------------------------------------------------------------------
[2013-09-15 01:00:01] : ---------------------  Data Moving Task Everyday --------------------------------
[2013-09-15 01:00:01] : --------- Filter Time      : 2013-09-14 00:01:00 ~ 2013-09-15 00:01:00-----------
[2013-09-15 01:00:01] : --------- Total  Data Count: 0
[2013-09-15 01:00:01] : --------- Actual Data Count: 0
[2013-09-15 01:00:01] : ---------------------------------------------------------------------------------
[2013-09-15 01:00:01] : ---------------------------------------------------------------------------------
[2013-09-15 01:00:01] : 
[2013-09-15 02:00:01] : ---------------------------------------------------------------------------------
[2013-09-15 02:00:01] : ---------------------  Data Notify Complete Info Everyday -----------------------
[2013-09-15 02:00:01] : --------- Filter Time      : 2013-09-14 00:01:00 ~ 2013-09-15 00:01:00-----------
[2013-09-15 02:00:01] : --------- Total  Data Count: 0
[2013-09-15 02:00:01] : ---------------------------------------------------------------------------------
[2013-09-15 02:00:01] : ---------------------------------------------------------------------------------
[2013-09-15 02:00:01] : 
[2013-09-15 03:00:02] : ---------------------------------------------------------------------------------
[2013-09-15 03:00:02] : ---------------------  Clear Unfull Data Every Two Days -----------------------
[2013-09-15 03:00:02] : --------- Filter Time      : 2013-09-13 00:01:00 ~ 2013-09-14 00:01:00-----------
[2013-09-15 03:00:02] : --------- Total  Data Count: 6
[2013-09-15 03:00:02] : ---------------------------------------------------------------------------------
[2013-09-15 03:00:02] : ---------------------------------------------------------------------------------
[2013-09-15 03:00:02] : Data Id       : 61
[2013-09-15 03:00:02] : Data Obj Name : 2013091311342487.pdf
[2013-09-15 03:00:02] : Data Vps Path : /alidata/www/creamnote/upload/tmp/
[2013-09-15 03:00:02] : Info: Delete Tmp Data File Success
[2013-09-15 03:00:02] : Info: Delete Database(wx_data) Record Success
[2013-09-15 03:00:02] : Info: Delete Database(wx_data2carea) Record Success
[2013-09-15 03:00:02] : Info: Delete Database(wx_data2cnature) Record Success
[2013-09-15 03:00:02] : Info: Delete Database(wx_data_activity) Record Success
[2013-09-15 03:00:02] : Info: Delete Database(wx_grade) Record Success
[2013-09-15 03:00:02] : Info: Delete Database(wx_notify) Record Success
[2013-09-15 03:00:02] : ---------------------------------------------------------------------------------
[2013-09-15 03:00:02] : Data Id       : 62
[2013-09-15 03:00:02] : Data Obj Name : 2013091311400052.pdf
[2013-09-15 03:00:02] : Data Vps Path : /alidata/www/creamnote/upload/tmp/
[2013-09-15 03:00:02] : Info: Delete Tmp Data File Success
[2013-09-15 03:00:02] : Info: Delete Database(wx_data) Record Success
[2013-09-15 03:00:02] : Info: Delete Database(wx_data2carea) Record Success
[2013-09-15 03:00:02] : Info: Delete Database(wx_data2cnature) Record Success
[2013-09-15 03:00:02] : Info: Delete Database(wx_data_activity) Record Success
[2013-09-15 03:00:02] : Info: Delete Database(wx_grade) Record Success
[2013-09-15 03:00:02] : Info: Delete Database(wx_notify) Record Success
[2013-09-15 03:00:02] : ---------------------------------------------------------------------------------
[2013-09-15 03:00:02] : Data Id       : 63
[2013-09-15 03:00:02] : Data Obj Name : 2013091311425458.pdf
[2013-09-15 03:00:02] : Data Vps Path : /alidata/www/creamnote/upload/tmp/
[2013-09-15 03:00:03] : Info: Delete Tmp Data File Success
[2013-09-15 03:00:03] : Info: Delete Database(wx_data) Record Success
[2013-09-15 03:00:03] : Info: Delete Database(wx_data2carea) Record Success
[2013-09-15 03:00:03] : Info: Delete Database(wx_data2cnature) Record Success
[2013-09-15 03:00:03] : Info: Delete Database(wx_data_activity) Record Success
[2013-09-15 03:00:03] : Info: Delete Database(wx_grade) Record Success
[2013-09-15 03:00:03] : Info: Delete Database(wx_notify) Record Success
[2013-09-15 03:00:03] : ---------------------------------------------------------------------------------
[2013-09-15 03:00:03] : Data Id       : 64
[2013-09-15 03:00:03] : Data Obj Name : 2013091311534694.pdf
[2013-09-15 03:00:03] : Data Vps Path : /alidata/www/creamnote/upload/tmp/
[2013-09-15 03:00:03] : Info: Delete Tmp Data File Success
[2013-09-15 03:00:03] : Info: Delete Database(wx_data) Record Success
[2013-09-15 03:00:03] : Info: Delete Database(wx_data2carea) Record Success
[2013-09-15 03:00:03] : Info: Delete Database(wx_data2cnature) Record Success
[2013-09-15 03:00:03] : Info: Delete Database(wx_data_activity) Record Success
[2013-09-15 03:00:03] : Info: Delete Database(wx_grade) Record Success
[2013-09-15 03:00:03] : Info: Delete Database(wx_notify) Record Success
[2013-09-15 03:00:03] : ---------------------------------------------------------------------------------
[2013-09-15 03:00:03] : Data Id       : 65
[2013-09-15 03:00:03] : Data Obj Name : 2013091311582839.pdf
[2013-09-15 03:00:03] : Data Vps Path : /alidata/www/creamnote/upload/tmp/
[2013-09-15 03:00:03] : Info: Delete Tmp Data File Success
[2013-09-15 03:00:03] : Info: Delete Database(wx_data) Record Success
[2013-09-15 03:00:03] : Info: Delete Database(wx_data2carea) Record Success
[2013-09-15 03:00:03] : Info: Delete Database(wx_data2cnature) Record Success
[2013-09-15 03:00:03] : Info: Delete Database(wx_data_activity) Record Success
[2013-09-15 03:00:03] : Info: Delete Database(wx_grade) Record Success
[2013-09-15 03:00:03] : Info: Delete Database(wx_notify) Record Success
[2013-09-15 03:00:03] : ---------------------------------------------------------------------------------
[2013-09-15 03:00:03] : Data Id       : 66
[2013-09-15 03:00:03] : Data Obj Name : 2013091312095441.pdf
[2013-09-15 03:00:03] : Data Vps Path : /alidata/www/creamnote/upload/tmp/
[2013-09-15 03:00:03] : Info: Delete Tmp Data File Success
[2013-09-15 03:00:03] : Info: Delete Database(wx_data) Record Success
[2013-09-15 03:00:03] : Info: Delete Database(wx_data2carea) Record Success
[2013-09-15 03:00:03] : Info: Delete Database(wx_data2cnature) Record Success
[2013-09-15 03:00:03] : Info: Delete Database(wx_data_activity) Record Success
[2013-09-15 03:00:03] : Info: Delete Database(wx_grade) Record Success
[2013-09-15 03:00:03] : Info: Delete Database(wx_notify) Record Success
[2013-09-15 03:00:03] : ---------------------------------------------------------------------------------
[2013-09-15 03:00:03] : 
[2013-09-15 04:00:01] : ---------------------------------------------------------------------------------
[2013-09-15 04:00:01] : ---------------------  Clear VPS Data Every Two Days ----------------------------
[2013-09-15 04:00:01] : --------- Filter Time      : 2013-09-15 00:01:00  -------------------------------
[2013-09-15 04:00:01] : --------- Standard Lifetime: 2013-09-13 00:01:00  -------------------------------
[2013-09-15 04:00:01] : --------- Total  Data Count: 6  -------------------------------------------------
[2013-09-15 04:00:01] : ---------------------------------------------------------------------------------
[2013-09-15 04:00:01] : ---------------------------------------------------------------------------------
[2013-09-15 04:00:01] : Data Id       : 39
[2013-09-15 04:00:01] : Data Obj Name : 2013071415303268.docx
[2013-09-15 04:00:01] : Data Vps Path : /alidata/www/creamnote/upload/study-notes/
[2013-09-15 04:00:01] : Info: This Data Is Out Of Lifetime, Clear It
[2013-09-15 04:00:01] : Info: Delete VPS Data File Success
[2013-09-15 04:00:01] : Warning: It Has No Flash File 
[2013-09-15 04:00:01] : Info: Update Database(wx_data) Record Success
[2013-09-15 04:00:01] : Info: Update Database(wx_data_activity) Record Success
[2013-09-15 04:00:01] : ---------------------------------------------------------------------------------
[2013-09-15 04:00:01] : Data Id       : 54
[2013-09-15 04:00:01] : Data Obj Name : 2013083000025523.doc
[2013-09-15 04:00:01] : Data Vps Path : /alidata/www/creamnote/upload/graduate-exam/
[2013-09-15 04:00:01] : Info: This Data Is Out Of Lifetime, Clear It
[2013-09-15 04:00:01] : Info: Delete VPS Data File Success
[2013-09-15 04:00:01] : Warning: It Has No Flash File 
[2013-09-15 04:00:01] : Info: Update Database(wx_data) Record Success
[2013-09-15 04:00:01] : Info: Update Database(wx_data_activity) Record Success
[2013-09-15 04:00:01] : ---------------------------------------------------------------------------------
[2013-09-15 04:00:01] : Data Id       : 56
[2013-09-15 04:00:01] : Data Obj Name : 2013091123240525.pdf
[2013-09-15 04:00:01] : Data Vps Path : /alidata/www/creamnote/upload/study-notes/
[2013-09-15 04:00:01] : Info: This Data Is Out Of Lifetime, Clear It
[2013-09-15 04:00:01] : Info: Delete VPS Data File Success
[2013-09-15 04:00:02] : Info: Delete VPS Flash File Success
[2013-09-15 04:00:02] : Info: Update Database(wx_data) Record Success
[2013-09-15 04:00:02] : Info: Update Database(wx_data_activity) Record Success
[2013-09-15 04:00:02] : ---------------------------------------------------------------------------------
[2013-09-15 04:00:02] : Data Id       : 58
[2013-09-15 04:00:02] : Data Obj Name : 2013091123463010.pdf
[2013-09-15 04:00:02] : Data Vps Path : /alidata/www/creamnote/upload/graduate-exam/
[2013-09-15 04:00:02] : Info: This Data Is Out Of Lifetime, Clear It
[2013-09-15 04:00:02] : Info: Delete VPS Data File Success
[2013-09-15 04:00:02] : Info: Delete VPS Flash File Success
[2013-09-15 04:00:02] : Info: Update Database(wx_data) Record Success
[2013-09-15 04:00:02] : Info: Update Database(wx_data_activity) Record Success
[2013-09-15 04:00:02] : ---------------------------------------------------------------------------------
[2013-09-15 04:00:02] : Data Id       : 59
[2013-09-15 04:00:02] : Data Obj Name : 2013091200041999.doc
[2013-09-15 04:00:02] : Data Vps Path : /alidata/www/creamnote/upload/tmp/
[2013-09-15 04:00:02] : Info: This Data Is Out Of Lifetime, Clear It
[2013-09-15 04:00:02] : Info: Delete VPS Data File Success
[2013-09-15 04:00:02] : Warning: It Has No Flash File 
[2013-09-15 04:00:02] : Info: Update Database(wx_data) Record Success
[2013-09-15 04:00:02] : Info: Update Database(wx_data_activity) Record Success
[2013-09-15 04:00:02] : ---------------------------------------------------------------------------------
[2013-09-15 04:00:02] : Data Id       : 60
[2013-09-15 04:00:02] : Data Obj Name : 2013091311170338.pdf
[2013-09-15 04:00:02] : Data Vps Path : /alidata/www/creamnote/upload/study-notes/
[2013-09-15 04:00:02] : Info: This Data Is Out Of Lifetime, Clear It
[2013-09-15 04:00:02] : Info: Delete VPS Data File Success
[2013-09-15 04:00:03] : Info: Delete VPS Flash File Success
[2013-09-15 04:00:03] : Info: Update Database(wx_data) Record Success
[2013-09-15 04:00:03] : Info: Update Database(wx_data_activity) Record Success
[2013-09-15 04:00:03] : ---------------------------------------------------------------------------------
[2013-09-15 04:00:03] : 
[2013-09-15 05:00:01] : ---------------------------------------------------------------------------------
[2013-09-15 05:00:01] : ---------------------  Clear Timeout Images Everyday ----------------------------
[2013-09-15 05:00:01] : --------- Filter Time      : 2013-09-15 00:01:00  -------------------------------
[2013-09-15 05:00:01] : --------- Total  Data Count: 0
[2013-09-15 05:00:01] : ---------------------------------------------------------------------------------
[2013-09-15 05:00:01] : ---------------------------------------------------------------------------------
[2013-09-15 05:00:01] : 
