[2013-08-11 01:00:02] : ---------------------------------------------------------------------------------
[2013-08-11 01:00:02] : ---------------------  Data Moving Task Everyday --------------------------------
[2013-08-11 01:00:02] : --------- Filter Time      : 2013-08-10 00:01:00 ~ 2013-08-11 00:01:00-----------
[2013-08-11 01:00:02] : --------- Total  Data Count: 0
[2013-08-11 01:00:02] : --------- Actual Data Count: 0
[2013-08-11 01:00:02] : ---------------------------------------------------------------------------------
[2013-08-11 01:00:02] : ---------------------------------------------------------------------------------
[2013-08-11 01:00:02] : 
[2013-08-11 02:00:01] : ---------------------------------------------------------------------------------
[2013-08-11 02:00:01] : ---------------------  Data Notify Complete Info Everyday -----------------------
[2013-08-11 02:00:01] : --------- Filter Time      : 2013-08-10 00:01:00 ~ 2013-08-11 00:01:00-----------
[2013-08-11 02:00:01] : --------- Total  Data Count: 0
[2013-08-11 02:00:01] : ---------------------------------------------------------------------------------
[2013-08-11 02:00:01] : ---------------------------------------------------------------------------------
[2013-08-11 02:00:01] : 
[2013-08-11 03:00:01] : ---------------------------------------------------------------------------------
[2013-08-11 03:00:01] : ---------------------  Clear Unfull Data Every Two Days -----------------------
[2013-08-11 03:00:01] : --------- Filter Time      : 2013-08-09 00:01:00 ~ 2013-08-10 00:01:00-----------
[2013-08-11 03:00:01] : --------- Total  Data Count: 0
[2013-08-11 03:00:01] : ---------------------------------------------------------------------------------
[2013-08-11 03:00:01] : ---------------------------------------------------------------------------------
[2013-08-11 03:00:01] : 
[2013-08-11 04:00:01] : ---------------------------------------------------------------------------------
[2013-08-11 04:00:01] : ---------------------  Clear VPS Data Every Two Days ----------------------------
[2013-08-11 04:00:01] : --------- Filter Time      : 2013-08-11 00:01:00  -------------------------------
[2013-08-11 04:00:01] : --------- Standard Lifetime: 2013-08-09 00:01:00  -------------------------------
[2013-08-11 04:00:01] : --------- Total  Data Count: 0  -------------------------------------------------
[2013-08-11 04:00:01] : ---------------------------------------------------------------------------------
[2013-08-11 04:00:01] : ---------------------------------------------------------------------------------
[2013-08-11 04:00:01] : 
