[2013-09-09 01:00:01] : ---------------------------------------------------------------------------------
[2013-09-09 01:00:01] : ---------------------  Data Moving Task Everyday --------------------------------
[2013-09-09 01:00:01] : --------- Filter Time      : 2013-09-08 00:01:00 ~ 2013-09-09 00:01:00-----------
[2013-09-09 01:00:01] : --------- Total  Data Count: 0
[2013-09-09 01:00:01] : --------- Actual Data Count: 0
[2013-09-09 01:00:01] : ---------------------------------------------------------------------------------
[2013-09-09 01:00:01] : ---------------------------------------------------------------------------------
[2013-09-09 01:00:01] : 
[2013-09-09 02:00:01] : ---------------------------------------------------------------------------------
[2013-09-09 02:00:01] : ---------------------  Data Notify Complete Info Everyday -----------------------
[2013-09-09 02:00:01] : --------- Filter Time      : 2013-09-08 00:01:00 ~ 2013-09-09 00:01:00-----------
[2013-09-09 02:00:01] : --------- Total  Data Count: 0
[2013-09-09 02:00:01] : ---------------------------------------------------------------------------------
[2013-09-09 02:00:01] : ---------------------------------------------------------------------------------
[2013-09-09 02:00:01] : 
[2013-09-09 03:00:01] : ---------------------------------------------------------------------------------
[2013-09-09 03:00:01] : ---------------------  Clear Unfull Data Every Two Days -----------------------
[2013-09-09 03:00:01] : --------- Filter Time      : 2013-09-07 00:01:00 ~ 2013-09-08 00:01:00-----------
[2013-09-09 03:00:01] : --------- Total  Data Count: 0
[2013-09-09 03:00:01] : ---------------------------------------------------------------------------------
[2013-09-09 03:00:01] : ---------------------------------------------------------------------------------
[2013-09-09 03:00:01] : 
[2013-09-09 04:00:01] : ---------------------------------------------------------------------------------
[2013-09-09 04:00:01] : ---------------------  Clear VPS Data Every Two Days ----------------------------
[2013-09-09 04:00:01] : --------- Filter Time      : 2013-09-09 00:01:00  -------------------------------
[2013-09-09 04:00:01] : --------- Standard Lifetime: 2013-09-07 00:01:00  -------------------------------
[2013-09-09 04:00:01] : --------- Total  Data Count: 4  -------------------------------------------------
[2013-09-09 04:00:01] : ---------------------------------------------------------------------------------
[2013-09-09 04:00:01] : ---------------------------------------------------------------------------------
[2013-09-09 04:00:01] : Data Id       : 2
[2013-09-09 04:00:01] : Data Obj Name : 2013051900083021.doc
[2013-09-09 04:00:01] : Data Vps Path : /alidata/www/creamnote/upload/final-exam/
[2013-09-09 04:00:01] : Info: This Data Is Out Of Lifetime, Clear It
[2013-09-09 04:00:01] : Info: Delete VPS Data File Success
[2013-09-09 04:00:01] : Info: Delete VPS Flash File Success
[2013-09-09 04:00:01] : Info: Update Database(wx_data) Record Success
[2013-09-09 04:00:01] : Info: Update Database(wx_data_activity) Record Success
[2013-09-09 04:00:01] : ---------------------------------------------------------------------------------
[2013-09-09 04:00:01] : Data Id       : 3
[2013-09-09 04:00:01] : Data Obj Name : 2013051900102185.doc
[2013-09-09 04:00:01] : Data Vps Path : /alidata/www/creamnote/upload/final-exam/
[2013-09-09 04:00:01] : Info: This Data Is Out Of Lifetime, Clear It
[2013-09-09 04:00:01] : Info: Delete VPS Data File Success
[2013-09-09 04:00:01] : Info: Delete VPS Flash File Success
[2013-09-09 04:00:01] : Info: Update Database(wx_data) Record Success
[2013-09-09 04:00:01] : Info: Update Database(wx_data_activity) Record Success
[2013-09-09 04:00:01] : ---------------------------------------------------------------------------------
[2013-09-09 04:00:01] : Data Id       : 40
[2013-09-09 04:00:01] : Data Obj Name : 2013071416040376.docx
[2013-09-09 04:00:01] : Data Vps Path : /alidata/www/creamnote/upload/final-exam/
[2013-09-09 04:00:01] : Warining: This Data Is Health, Donnot Need Clear
[2013-09-09 04:00:01] : ---------------------------------------------------------------------------------
[2013-09-09 04:00:01] : Data Id       : 43
[2013-09-09 04:00:01] : Data Obj Name : 2013071723251973.pdf
[2013-09-09 04:00:01] : Data Vps Path : /alidata/www/creamnote/upload/study-notes/
[2013-09-09 04:00:01] : Warining: This Data Is Health, Donnot Need Clear
[2013-09-09 04:00:01] : ---------------------------------------------------------------------------------
[2013-09-09 04:00:01] : 
