[2013-08-26 01:00:01] : ---------------------------------------------------------------------------------
[2013-08-26 01:00:01] : ---------------------  Data Moving Task Everyday --------------------------------
[2013-08-26 01:00:01] : --------- Filter Time      : 2013-08-25 00:01:00 ~ 2013-08-26 00:01:00-----------
[2013-08-26 01:00:01] : --------- Total  Data Count: 0
[2013-08-26 01:00:01] : --------- Actual Data Count: 0
[2013-08-26 01:00:01] : ---------------------------------------------------------------------------------
[2013-08-26 01:00:01] : ---------------------------------------------------------------------------------
[2013-08-26 01:00:01] : 
[2013-08-26 02:00:01] : ---------------------------------------------------------------------------------
[2013-08-26 02:00:01] : ---------------------  Data Notify Complete Info Everyday -----------------------
[2013-08-26 02:00:01] : --------- Filter Time      : 2013-08-25 00:01:00 ~ 2013-08-26 00:01:00-----------
[2013-08-26 02:00:01] : --------- Total  Data Count: 2
[2013-08-26 02:00:01] : ---------------------------------------------------------------------------------
[2013-08-26 02:00:01] : ---------------------------------------------------------------------------------
[2013-08-26 02:00:01] : Data Id       : 48
[2013-08-26 02:00:01] : Data Obj Name : 2013082520430378.pdf
[2013-08-26 02:00:01] : Info: Send Notify Success
[2013-08-26 02:00:01] : ---------------------------------------------------------------------------------
[2013-08-26 02:00:01] : Data Id       : 49
[2013-08-26 02:00:01] : Data Obj Name : 2013082520462749.docx
[2013-08-26 02:00:01] : Info: Send Notify Success
[2013-08-26 02:00:01] : ---------------------------------------------------------------------------------
[2013-08-26 02:00:01] : 
