[2013-09-18 01:00:02] : ---------------------------------------------------------------------------------
[2013-09-18 01:00:02] : ---------------------  Data Moving Task Everyday --------------------------------
[2013-09-18 01:00:02] : --------- Filter Time      : 2013-09-17 00:01:00 ~ 2013-09-18 00:01:00-----------
[2013-09-18 01:00:02] : --------- Total  Data Count: 2
[2013-09-18 01:00:02] : --------- Actual Data Count: 2
[2013-09-18 01:00:02] : ---------------------------------------------------------------------------------
[2013-09-18 01:00:02] : ---------------------------------------------------------------------------------
[2013-09-18 01:00:02] : Data Id        : 75
[2013-09-18 01:00:02] : Data ObjectName: 2013091723583070.docx
[2013-09-18 01:00:02] : Data VPS Path  : /alidata/www/creamnote/upload/graduate-exam/2013091723583070.docx
[2013-09-18 01:00:02] : Data OSS Path  : /wx-graduate-exam/2013091723583070.docx
[2013-09-18 01:00:02] : Error: has no vps data file, /alidata/www/creamnote/upload/graduate-exam/2013091723583070.docx
[2013-09-18 01:00:02] : ---------------------------------------------------------------------------------
[2013-09-18 01:00:02] : Data Id        : 74
[2013-09-18 01:00:02] : Data ObjectName: 2013091700014075.pdf
[2013-09-18 01:00:02] : Data VPS Path  : /alidata/www/creamnote/upload/final-exam/2013091700014075.pdf
[2013-09-18 01:00:02] : Data OSS Path  : /wx-final-exam/2013091700014075.pdf
[2013-09-18 01:00:02] : Info: Upload data to OSS success
[2013-09-18 01:00:02] : Info: Upload local flash file success
[2013-09-18 01:00:02] : Info: Update database OSS-Path success
[2013-09-18 01:00:02] : ---------------------------------------------------------------------------------
[2013-09-18 01:00:02] : 
[2013-09-18 02:00:01] : ---------------------------------------------------------------------------------
[2013-09-18 02:00:01] : ---------------------  Data Notify Complete Info Everyday -----------------------
[2013-09-18 02:00:01] : --------- Filter Time      : 2013-09-17 00:01:00 ~ 2013-09-18 00:01:00-----------
[2013-09-18 02:00:01] : --------- Total  Data Count: 0
[2013-09-18 02:00:01] : ---------------------------------------------------------------------------------
[2013-09-18 02:00:01] : ---------------------------------------------------------------------------------
[2013-09-18 02:00:01] : 
[2013-09-18 03:00:01] : ---------------------------------------------------------------------------------
[2013-09-18 03:00:01] : ---------------------  Clear Unfull Data Every Two Days -----------------------
[2013-09-18 03:00:01] : --------- Filter Time      : 2013-09-16 00:01:00 ~ 2013-09-17 00:01:00-----------
[2013-09-18 03:00:01] : --------- Total  Data Count: 0
[2013-09-18 03:00:01] : ---------------------------------------------------------------------------------
[2013-09-18 03:00:01] : ---------------------------------------------------------------------------------
[2013-09-18 03:00:01] : 
[2013-09-18 05:00:01] : ---------------------------------------------------------------------------------
[2013-09-18 05:00:01] : ---------------------  Clear Timeout Images Everyday ----------------------------
[2013-09-18 05:00:01] : --------- Filter Time      : 2013-09-18 00:01:00  -------------------------------
[2013-09-18 05:00:01] : --------- Total  Data Count: 0
[2013-09-18 05:00:01] : ---------------------------------------------------------------------------------
[2013-09-18 05:00:01] : ---------------------------------------------------------------------------------
[2013-09-18 05:00:01] : 
